!SESSION 2019-09-05 09:19:34.251 -----------------------------------------------
eclipse.buildId=4.6.3.M20170301-0400
java.version=1.8.0_211
java.vendor=Oracle Corporation
BootLoader constants: OS=win32, ARCH=x86_64, WS=win32, NL=ko_KR
Framework arguments:  -product org.eclipse.epp.package.jee.product
Command-line arguments:  -os win32 -ws win32 -arch x86_64 -clean -product org.eclipse.epp.package.jee.product

!ENTRY org.eclipse.equinox.ds 2 0 2019-09-05 09:22:43.921
!MESSAGE [SCR] Enabling components of bundle org.eclipse.ui.trace did not complete in 30000 ms 

!ENTRY org.eclipse.equinox.ds 2 0 2019-09-05 09:22:43.925
!MESSAGE [SCR - WorkThread] Timeout occurred! Thread was blocked on processing [QueuedJob] WorkPerformer: org.eclipse.equinox.internal.ds.SCRManager@55711109; actionType 1

!ENTRY org.eclipse.core.runtime 4 0 2019-09-05 09:22:49.211
!MESSAGE FrameworkEvent ERROR
!STACK 0
org.osgi.framework.BundleException: Unable to acquire the state change lock for the module: osgi.identity; osgi.identity="org.eclipse.core.runtime"; type="osgi.bundle"; version:Version="3.12.0.v20160606-1342"; singleton:="true" [id=167] STARTED [STARTED]
	at org.eclipse.osgi.container.Module.lockStateChange(Module.java:337)
	at org.eclipse.osgi.container.Module.start(Module.java:401)
	at org.eclipse.osgi.container.ModuleContainer$ContainerStartLevel.incStartLevel(ModuleContainer.java:1620)
	at org.eclipse.osgi.container.ModuleContainer$ContainerStartLevel.incStartLevel(ModuleContainer.java:1600)
	at org.eclipse.osgi.container.ModuleContainer$ContainerStartLevel.doContainerStartLevel(ModuleContainer.java:1571)
	at org.eclipse.osgi.container.ModuleContainer$ContainerStartLevel.dispatchEvent(ModuleContainer.java:1514)
	at org.eclipse.osgi.container.ModuleContainer$ContainerStartLevel.dispatchEvent(ModuleContainer.java:1)
	at org.eclipse.osgi.framework.eventmgr.EventManager.dispatchEvent(EventManager.java:230)
	at org.eclipse.osgi.framework.eventmgr.EventManager$EventThread.run(EventManager.java:340)
Caused by: java.util.concurrent.TimeoutException: Timeout after waiting 5 seconds to acquire the lock.
	at org.eclipse.osgi.container.Module.lockStateChange(Module.java:334)
	... 8 more
Root exception:
java.util.concurrent.TimeoutException: Timeout after waiting 5 seconds to acquire the lock.
	at org.eclipse.osgi.container.Module.lockStateChange(Module.java:334)
	at org.eclipse.osgi.container.Module.start(Module.java:401)
	at org.eclipse.osgi.container.ModuleContainer$ContainerStartLevel.incStartLevel(ModuleContainer.java:1620)
	at org.eclipse.osgi.container.ModuleContainer$ContainerStartLevel.incStartLevel(ModuleContainer.java:1600)
	at org.eclipse.osgi.container.ModuleContainer$ContainerStartLevel.doContainerStartLevel(ModuleContainer.java:1571)
	at org.eclipse.osgi.container.ModuleContainer$ContainerStartLevel.dispatchEvent(ModuleContainer.java:1514)
	at org.eclipse.osgi.container.ModuleContainer$ContainerStartLevel.dispatchEvent(ModuleContainer.java:1)
	at org.eclipse.osgi.framework.eventmgr.EventManager.dispatchEvent(EventManager.java:230)
	at org.eclipse.osgi.framework.eventmgr.EventManager$EventThread.run(EventManager.java:340)

!ENTRY org.eclipse.osgi 2 0 2019-09-05 09:22:55.188
!MESSAGE While loading class "org.eclipse.oomph.p2.internal.core.P2CorePlugin$Implementation", thread "Thread[Start Level: Equinox Container: a2253b4a-bf69-468c-aa49-a0f50991d5e0,5,main]" timed out waiting (5002ms) for thread "Thread[Component Resolve Thread,5,main]" to finish starting bundle "org.eclipse.core.runtime_3.12.0.v20160606-1342 [167]". To avoid deadlock, thread "Thread[Start Level: Equinox Container: a2253b4a-bf69-468c-aa49-a0f50991d5e0,5,main]" is proceeding but "org.eclipse.oomph.p2.internal.core.P2CorePlugin$Implementation" may not be fully initialized.
!STACK 0
org.osgi.framework.BundleException: Unable to acquire the state change lock for the module: osgi.identity; osgi.identity="org.eclipse.core.runtime"; type="osgi.bundle"; version:Version="3.12.0.v20160606-1342"; singleton:="true" [id=167] STARTED [STARTED]
	at org.eclipse.osgi.container.Module.lockStateChange(Module.java:337)
	at org.eclipse.osgi.container.Module.start(Module.java:401)
	at org.eclipse.osgi.framework.util.SecureAction.start(SecureAction.java:470)
	at org.eclipse.osgi.internal.hooks.EclipseLazyStarter.postFindLocalClass(EclipseLazyStarter.java:107)
	at org.eclipse.osgi.internal.loader.classpath.ClasspathManager.findLocalClass(ClasspathManager.java:529)
	at org.eclipse.osgi.internal.loader.ModuleClassLoader.findLocalClass(ModuleClassLoader.java:325)
	at org.eclipse.osgi.internal.loader.BundleLoader.findLocalClass(BundleLoader.java:345)
	at org.eclipse.osgi.internal.loader.BundleLoader.findClassInternal(BundleLoader.java:423)
	at org.eclipse.osgi.internal.loader.BundleLoader.findClass(BundleLoader.java:372)
	at org.eclipse.osgi.internal.loader.BundleLoader.findClass(BundleLoader.java:364)
	at org.eclipse.osgi.internal.framework.BundleContextImpl.loadBundleActivator(BundleContextImpl.java:757)
	at org.eclipse.osgi.internal.framework.BundleContextImpl.start(BundleContextImpl.java:711)
	at org.eclipse.osgi.internal.framework.EquinoxBundle.startWorker0(EquinoxBundle.java:932)
	at org.eclipse.osgi.internal.framework.EquinoxBundle$EquinoxModule.startWorker(EquinoxBundle.java:309)
	at org.eclipse.osgi.container.Module.doStart(Module.java:581)
	at org.eclipse.osgi.container.Module.start(Module.java:449)
	at org.eclipse.osgi.framework.util.SecureAction.start(SecureAction.java:470)
	at org.eclipse.osgi.internal.hooks.EclipseLazyStarter.postFindLocalClass(EclipseLazyStarter.java:107)
	at org.eclipse.osgi.internal.loader.classpath.ClasspathManager.findLocalClass(ClasspathManager.java:529)
	at org.eclipse.osgi.internal.loader.ModuleClassLoader.findLocalClass(ModuleClassLoader.java:325)
	at org.eclipse.osgi.internal.loader.BundleLoader.findLocalClass(BundleLoader.java:345)
	at org.eclipse.osgi.internal.loader.BundleLoader.findClassInternal(BundleLoader.java:423)
	at org.eclipse.osgi.internal.loader.BundleLoader.findClass(BundleLoader.java:372)
	at org.eclipse.osgi.internal.loader.BundleLoader.findClass(BundleLoader.java:364)
	at org.eclipse.osgi.internal.loader.ModuleClassLoader.loadClass(ModuleClassLoader.java:161)
	at java.lang.ClassLoader.loadClass(Unknown Source)
	at org.eclipse.osgi.internal.framework.EquinoxBundle.loadClass(EquinoxBundle.java:564)
	at org.eclipse.equinox.internal.ds.model.ServiceComponent.createInstance(ServiceComponent.java:493)
	at org.eclipse.equinox.internal.ds.model.ServiceComponentProp.createInstance(ServiceComponentProp.java:270)
	at org.eclipse.equinox.internal.ds.model.ServiceComponentProp.build(ServiceComponentProp.java:331)
	at org.eclipse.equinox.internal.ds.InstanceProcess.buildComponent(InstanceProcess.java:620)
	at org.eclipse.equinox.internal.ds.ServiceReg.getService(ServiceReg.java:53)
	at org.eclipse.osgi.internal.serviceregistry.ServiceFactoryUse$1.run(ServiceFactoryUse.java:212)
	at java.security.AccessController.doPrivileged(Native Method)
	at org.eclipse.osgi.internal.serviceregistry.ServiceFactoryUse.factoryGetService(ServiceFactoryUse.java:210)
	at org.eclipse.osgi.internal.serviceregistry.ServiceFactoryUse.getService(ServiceFactoryUse.java:111)
	at org.eclipse.osgi.internal.serviceregistry.ServiceConsumer$2.getService(ServiceConsumer.java:45)
	at org.eclipse.osgi.internal.serviceregistry.ServiceRegistrationImpl.getService(ServiceRegistrationImpl.java:496)
	at org.eclipse.osgi.internal.serviceregistry.ServiceRegistry.getService(ServiceRegistry.java:461)
	at org.eclipse.osgi.internal.framework.BundleContextImpl.getService(BundleContextImpl.java:619)
	at org.eclipse.equinox.internal.p2.core.Activator.registerAgent(Activator.java:175)
	at org.eclipse.equinox.internal.p2.core.Activator.start(Activator.java:244)
	at org.eclipse.osgi.internal.framework.BundleContextImpl$3.run(BundleContextImpl.java:774)
	at org.eclipse.osgi.internal.framework.BundleContextImpl$3.run(BundleContextImpl.java:1)
	at java.security.AccessController.doPrivileged(Native Method)
	at org.eclipse.osgi.internal.framework.BundleContextImpl.startActivator(BundleContextImpl.java:767)
	at org.eclipse.osgi.internal.framework.BundleContextImpl.start(BundleContextImpl.java:724)
	at org.eclipse.osgi.internal.framework.EquinoxBundle.startWorker0(EquinoxBundle.java:932)
	at org.eclipse.osgi.internal.framework.EquinoxBundle$EquinoxModule.startWorker(EquinoxBundle.java:309)
	at org.eclipse.osgi.container.Module.doStart(Module.java:581)
	at org.eclipse.osgi.container.Module.start(Module.java:449)
	at org.eclipse.osgi.framework.util.SecureAction.start(SecureAction.java:470)
	at org.eclipse.osgi.internal.hooks.EclipseLazyStarter.postFindLocalClass(EclipseLazyStarter.java:107)
	at org.eclipse.osgi.internal.loader.classpath.ClasspathManager.findLocalClass(ClasspathManager.java:529)
	at org.eclipse.osgi.internal.loader.ModuleClassLoader.findLocalClass(ModuleClassLoader.java:325)
	at org.eclipse.osgi.internal.loader.BundleLoader.findLocalClass(BundleLoader.java:345)
	at org.eclipse.osgi.internal.loader.sources.SingleSourcePackage.loadClass(SingleSourcePackage.java:36)
	at org.eclipse.osgi.internal.loader.BundleLoader.findClassInternal(BundleLoader.java:407)
	at org.eclipse.osgi.internal.loader.BundleLoader.findClass(BundleLoader.java:372)
	at org.eclipse.osgi.internal.loader.BundleLoader.findClass(BundleLoader.java:364)
	at org.eclipse.osgi.internal.loader.ModuleClassLoader.loadClass(ModuleClassLoader.java:161)
	at java.lang.ClassLoader.loadClass(Unknown Source)
	at java.lang.Class.getDeclaredConstructors0(Native Method)
	at java.lang.Class.privateGetDeclaredConstructors(Unknown Source)
	at java.lang.Class.getConstructor0(Unknown Source)
	at java.lang.Class.newInstance(Unknown Source)
	at org.eclipse.osgi.internal.framework.BundleContextImpl.loadBundleActivator(BundleContextImpl.java:758)
	at org.eclipse.osgi.internal.framework.BundleContextImpl.start(BundleContextImpl.java:711)
	at org.eclipse.osgi.internal.framework.EquinoxBundle.startWorker0(EquinoxBundle.java:932)
	at org.eclipse.osgi.internal.framework.EquinoxBundle$EquinoxModule.startWorker(EquinoxBundle.java:309)
	at org.eclipse.osgi.container.Module.doStart(Module.java:581)
	at org.eclipse.osgi.container.Module.start(Module.java:449)
	at org.eclipse.osgi.container.ModuleContainer$ContainerStartLevel.incStartLevel(ModuleContainer.java:1620)
	at org.eclipse.osgi.container.ModuleContainer$ContainerStartLevel.incStartLevel(ModuleContainer.java:1600)
	at org.eclipse.osgi.container.ModuleContainer$ContainerStartLevel.doContainerStartLevel(ModuleContainer.java:1571)
	at org.eclipse.osgi.container.ModuleContainer$ContainerStartLevel.dispatchEvent(ModuleContainer.java:1514)
	at org.eclipse.osgi.container.ModuleContainer$ContainerStartLevel.dispatchEvent(ModuleContainer.java:1)
	at org.eclipse.osgi.framework.eventmgr.EventManager.dispatchEvent(EventManager.java:230)
	at org.eclipse.osgi.framework.eventmgr.EventManager$EventThread.run(EventManager.java:340)
Caused by: java.util.concurrent.TimeoutException: Timeout after waiting 5 seconds to acquire the lock.
	at org.eclipse.osgi.container.Module.lockStateChange(Module.java:334)
	... 78 more
Root exception:
java.util.concurrent.TimeoutException: Timeout after waiting 5 seconds to acquire the lock.
	at org.eclipse.osgi.container.Module.lockStateChange(Module.java:334)
	at org.eclipse.osgi.container.Module.start(Module.java:401)
	at org.eclipse.osgi.framework.util.SecureAction.start(SecureAction.java:470)
	at org.eclipse.osgi.internal.hooks.EclipseLazyStarter.postFindLocalClass(EclipseLazyStarter.java:107)
	at org.eclipse.osgi.internal.loader.classpath.ClasspathManager.findLocalClass(ClasspathManager.java:529)
	at org.eclipse.osgi.internal.loader.ModuleClassLoader.findLocalClass(ModuleClassLoader.java:325)
	at org.eclipse.osgi.internal.loader.BundleLoader.findLocalClass(BundleLoader.java:345)
	at org.eclipse.osgi.internal.loader.BundleLoader.findClassInternal(BundleLoader.java:423)
	at org.eclipse.osgi.internal.loader.BundleLoader.findClass(BundleLoader.java:372)
	at org.eclipse.osgi.internal.loader.BundleLoader.findClass(BundleLoader.java:364)
	at org.eclipse.osgi.internal.framework.BundleContextImpl.loadBundleActivator(BundleContextImpl.java:757)
	at org.eclipse.osgi.internal.framework.BundleContextImpl.start(BundleContextImpl.java:711)
	at org.eclipse.osgi.internal.framework.EquinoxBundle.startWorker0(EquinoxBundle.java:932)
	at org.eclipse.osgi.internal.framework.EquinoxBundle$EquinoxModule.startWorker(EquinoxBundle.java:309)
	at org.eclipse.osgi.container.Module.doStart(Module.java:581)
	at org.eclipse.osgi.container.Module.start(Module.java:449)
	at org.eclipse.osgi.framework.util.SecureAction.start(SecureAction.java:470)
	at org.eclipse.osgi.internal.hooks.EclipseLazyStarter.postFindLocalClass(EclipseLazyStarter.java:107)
	at org.eclipse.osgi.internal.loader.classpath.ClasspathManager.findLocalClass(ClasspathManager.java:529)
	at org.eclipse.osgi.internal.loader.ModuleClassLoader.findLocalClass(ModuleClassLoader.java:325)
	at org.eclipse.osgi.internal.loader.BundleLoader.findLocalClass(BundleLoader.java:345)
	at org.eclipse.osgi.internal.loader.BundleLoader.findClassInternal(BundleLoader.java:423)
	at org.eclipse.osgi.internal.loader.BundleLoader.findClass(BundleLoader.java:372)
	at org.eclipse.osgi.internal.loader.BundleLoader.findClass(BundleLoader.java:364)
	at org.eclipse.osgi.internal.loader.ModuleClassLoader.loadClass(ModuleClassLoader.java:161)
	at java.lang.ClassLoader.loadClass(Unknown Source)
	at org.eclipse.osgi.internal.framework.EquinoxBundle.loadClass(EquinoxBundle.java:564)
	at org.eclipse.equinox.internal.ds.model.ServiceComponent.createInstance(ServiceComponent.java:493)
	at org.eclipse.equinox.internal.ds.model.ServiceComponentProp.createInstance(ServiceComponentProp.java:270)
	at org.eclipse.equinox.internal.ds.model.ServiceComponentProp.build(ServiceComponentProp.java:331)
	at org.eclipse.equinox.internal.ds.InstanceProcess.buildComponent(InstanceProcess.java:620)
	at org.eclipse.equinox.internal.ds.ServiceReg.getService(ServiceReg.java:53)
	at org.eclipse.osgi.internal.serviceregistry.ServiceFactoryUse$1.run(ServiceFactoryUse.java:212)
	at java.security.AccessController.doPrivileged(Native Method)
	at org.eclipse.osgi.internal.serviceregistry.ServiceFactoryUse.factoryGetService(ServiceFactoryUse.java:210)
	at org.eclipse.osgi.internal.serviceregistry.ServiceFactoryUse.getService(ServiceFactoryUse.java:111)
	at org.eclipse.osgi.internal.serviceregistry.ServiceConsumer$2.getService(ServiceConsumer.java:45)
	at org.eclipse.osgi.internal.serviceregistry.ServiceRegistrationImpl.getService(ServiceRegistrationImpl.java:496)
	at org.eclipse.osgi.internal.serviceregistry.ServiceRegistry.getService(ServiceRegistry.java:461)
	at org.eclipse.osgi.internal.framework.BundleContextImpl.getService(BundleContextImpl.java:619)
	at org.eclipse.equinox.internal.p2.core.Activator.registerAgent(Activator.java:175)
	at org.eclipse.equinox.internal.p2.core.Activator.start(Activator.java:244)
	at org.eclipse.osgi.internal.framework.BundleContextImpl$3.run(BundleContextImpl.java:774)
	at org.eclipse.osgi.internal.framework.BundleContextImpl$3.run(BundleContextImpl.java:1)
	at java.security.AccessController.doPrivileged(Native Method)
	at org.eclipse.osgi.internal.framework.BundleContextImpl.startActivator(BundleContextImpl.java:767)
	at org.eclipse.osgi.internal.framework.BundleContextImpl.start(BundleContextImpl.java:724)
	at org.eclipse.osgi.internal.framework.EquinoxBundle.startWorker0(EquinoxBundle.java:932)
	at org.eclipse.osgi.internal.framework.EquinoxBundle$EquinoxModule.startWorker(EquinoxBundle.java:309)
	at org.eclipse.osgi.container.Module.doStart(Module.java:581)
	at org.eclipse.osgi.container.Module.start(Module.java:449)
	at org.eclipse.osgi.framework.util.SecureAction.start(SecureAction.java:470)
	at org.eclipse.osgi.internal.hooks.EclipseLazyStarter.postFindLocalClass(EclipseLazyStarter.java:107)
	at org.eclipse.osgi.internal.loader.classpath.ClasspathManager.findLocalClass(ClasspathManager.java:529)
	at org.eclipse.osgi.internal.loader.ModuleClassLoader.findLocalClass(ModuleClassLoader.java:325)
	at org.eclipse.osgi.internal.loader.BundleLoader.findLocalClass(BundleLoader.java:345)
	at org.eclipse.osgi.internal.loader.sources.SingleSourcePackage.loadClass(SingleSourcePackage.java:36)
	at org.eclipse.osgi.internal.loader.BundleLoader.findClassInternal(BundleLoader.java:407)
	at org.eclipse.osgi.internal.loader.BundleLoader.findClass(BundleLoader.java:372)
	at org.eclipse.osgi.internal.loader.BundleLoader.findClass(BundleLoader.java:364)
	at org.eclipse.osgi.internal.loader.ModuleClassLoader.loadClass(ModuleClassLoader.java:161)
	at java.lang.ClassLoader.loadClass(Unknown Source)
	at java.lang.Class.getDeclaredConstructors0(Native Method)
	at java.lang.Class.privateGetDeclaredConstructors(Unknown Source)
	at java.lang.Class.getConstructor0(Unknown Source)
	at java.lang.Class.newInstance(Unknown Source)
	at org.eclipse.osgi.internal.framework.BundleContextImpl.loadBundleActivator(BundleContextImpl.java:758)
	at org.eclipse.osgi.internal.framework.BundleContextImpl.start(BundleContextImpl.java:711)
	at org.eclipse.osgi.internal.framework.EquinoxBundle.startWorker0(EquinoxBundle.java:932)
	at org.eclipse.osgi.internal.framework.EquinoxBundle$EquinoxModule.startWorker(EquinoxBundle.java:309)
	at org.eclipse.osgi.container.Module.doStart(Module.java:581)
	at org.eclipse.osgi.container.Module.start(Module.java:449)
	at org.eclipse.osgi.container.ModuleContainer$ContainerStartLevel.incStartLevel(ModuleContainer.java:1620)
	at org.eclipse.osgi.container.ModuleContainer$ContainerStartLevel.incStartLevel(ModuleContainer.java:1600)
	at org.eclipse.osgi.container.ModuleContainer$ContainerStartLevel.doContainerStartLevel(ModuleContainer.java:1571)
	at org.eclipse.osgi.container.ModuleContainer$ContainerStartLevel.dispatchEvent(ModuleContainer.java:1514)
	at org.eclipse.osgi.container.ModuleContainer$ContainerStartLevel.dispatchEvent(ModuleContainer.java:1)
	at org.eclipse.osgi.framework.eventmgr.EventManager.dispatchEvent(EventManager.java:230)
	at org.eclipse.osgi.framework.eventmgr.EventManager$EventThread.run(EventManager.java:340)

!ENTRY org.eclipse.osgi 2 0 2019-09-05 09:23:00.194
!MESSAGE While loading class "org.eclipse.oomph.p2.internal.core.P2CorePlugin$Implementation", thread "Thread[Start Level: Equinox Container: a2253b4a-bf69-468c-aa49-a0f50991d5e0,5,main]" timed out waiting (5001ms) for thread "Thread[Component Resolve Thread,5,main]" to finish starting bundle "org.eclipse.equinox.registry_3.6.100.v20160223-2218 [441]". To avoid deadlock, thread "Thread[Start Level: Equinox Container: a2253b4a-bf69-468c-aa49-a0f50991d5e0,5,main]" is proceeding but "org.eclipse.oomph.p2.internal.core.P2CorePlugin$Implementation" may not be fully initialized.
!STACK 0
org.osgi.framework.BundleException: Unable to acquire the state change lock for the module: osgi.identity; osgi.identity="org.eclipse.equinox.registry"; type="osgi.bundle"; version:Version="3.6.100.v20160223-2218"; singleton:="true" [id=441] STARTED [STARTED]
	at org.eclipse.osgi.container.Module.lockStateChange(Module.java:337)
	at org.eclipse.osgi.container.Module.start(Module.java:401)
	at org.eclipse.osgi.framework.util.SecureAction.start(SecureAction.java:470)
	at org.eclipse.osgi.internal.hooks.EclipseLazyStarter.postFindLocalClass(EclipseLazyStarter.java:107)
	at org.eclipse.osgi.internal.loader.classpath.ClasspathManager.findLocalClass(ClasspathManager.java:529)
	at org.eclipse.osgi.internal.loader.ModuleClassLoader.findLocalClass(ModuleClassLoader.java:325)
	at org.eclipse.osgi.internal.loader.BundleLoader.findLocalClass(BundleLoader.java:345)
	at org.eclipse.osgi.internal.loader.BundleLoader.findClassInternal(BundleLoader.java:423)
	at org.eclipse.osgi.internal.loader.BundleLoader.findClass(BundleLoader.java:372)
	at org.eclipse.osgi.internal.loader.BundleLoader.findClass(BundleLoader.java:364)
	at org.eclipse.osgi.internal.framework.BundleContextImpl.loadBundleActivator(BundleContextImpl.java:757)
	at org.eclipse.osgi.internal.framework.BundleContextImpl.start(BundleContextImpl.java:711)
	at org.eclipse.osgi.internal.framework.EquinoxBundle.startWorker0(EquinoxBundle.java:932)
	at org.eclipse.osgi.internal.framework.EquinoxBundle$EquinoxModule.startWorker(EquinoxBundle.java:309)
	at org.eclipse.osgi.container.Module.doStart(Module.java:581)
	at org.eclipse.osgi.container.Module.start(Module.java:449)
	at org.eclipse.osgi.framework.util.SecureAction.start(SecureAction.java:470)
	at org.eclipse.osgi.internal.hooks.EclipseLazyStarter.postFindLocalClass(EclipseLazyStarter.java:107)
	at org.eclipse.osgi.internal.loader.classpath.ClasspathManager.findLocalClass(ClasspathManager.java:529)
	at org.eclipse.osgi.internal.loader.ModuleClassLoader.findLocalClass(ModuleClassLoader.java:325)
	at org.eclipse.osgi.internal.loader.BundleLoader.findLocalClass(BundleLoader.java:345)
	at org.eclipse.osgi.internal.loader.BundleLoader.findClassInternal(BundleLoader.java:423)
	at org.eclipse.osgi.internal.loader.BundleLoader.findClass(BundleLoader.java:372)
	at org.eclipse.osgi.internal.loader.BundleLoader.findClass(BundleLoader.java:364)
	at org.eclipse.osgi.internal.loader.ModuleClassLoader.loadClass(ModuleClassLoader.java:161)
	at java.lang.ClassLoader.loadClass(Unknown Source)
	at org.eclipse.osgi.internal.framework.EquinoxBundle.loadClass(EquinoxBundle.java:564)
	at org.eclipse.equinox.internal.ds.model.ServiceComponent.createInstance(ServiceComponent.java:493)
	at org.eclipse.equinox.internal.ds.model.ServiceComponentProp.createInstance(ServiceComponentProp.java:270)
	at org.eclipse.equinox.internal.ds.model.ServiceComponentProp.build(ServiceComponentProp.java:331)
	at org.eclipse.equinox.internal.ds.InstanceProcess.buildComponent(InstanceProcess.java:620)
	at org.eclipse.equinox.internal.ds.ServiceReg.getService(ServiceReg.java:53)
	at org.eclipse.osgi.internal.serviceregistry.ServiceFactoryUse$1.run(ServiceFactoryUse.java:212)
	at java.security.AccessController.doPrivileged(Native Method)
	at org.eclipse.osgi.internal.serviceregistry.ServiceFactoryUse.factoryGetService(ServiceFactoryUse.java:210)
	at org.eclipse.osgi.internal.serviceregistry.ServiceFactoryUse.getService(ServiceFactoryUse.java:111)
	at org.eclipse.osgi.internal.serviceregistry.ServiceConsumer$2.getService(ServiceConsumer.java:45)
	at org.eclipse.osgi.internal.serviceregistry.ServiceRegistrationImpl.getService(ServiceRegistrationImpl.java:496)
	at org.eclipse.osgi.internal.serviceregistry.ServiceRegistry.getService(ServiceRegistry.java:461)
	at org.eclipse.osgi.internal.framework.BundleContextImpl.getService(BundleContextImpl.java:619)
	at org.eclipse.equinox.internal.p2.core.Activator.registerAgent(Activator.java:175)
	at org.eclipse.equinox.internal.p2.core.Activator.start(Activator.java:244)
	at org.eclipse.osgi.internal.framework.BundleContextImpl$3.run(BundleContextImpl.java:774)
	at org.eclipse.osgi.internal.framework.BundleContextImpl$3.run(BundleContextImpl.java:1)
	at java.security.AccessController.doPrivileged(Native Method)
	at org.eclipse.osgi.internal.framework.BundleContextImpl.startActivator(BundleContextImpl.java:767)
	at org.eclipse.osgi.internal.framework.BundleContextImpl.start(BundleContextImpl.java:724)
	at org.eclipse.osgi.internal.framework.EquinoxBundle.startWorker0(EquinoxBundle.java:932)
	at org.eclipse.osgi.internal.framework.EquinoxBundle$EquinoxModule.startWorker(EquinoxBundle.java:309)
	at org.eclipse.osgi.container.Module.doStart(Module.java:581)
	at org.eclipse.osgi.container.Module.start(Module.java:449)
	at org.eclipse.osgi.framework.util.SecureAction.start(SecureAction.java:470)
	at org.eclipse.osgi.internal.hooks.EclipseLazyStarter.postFindLocalClass(EclipseLazyStarter.java:107)
	at org.eclipse.osgi.internal.loader.classpath.ClasspathManager.findLocalClass(ClasspathManager.java:529)
	at org.eclipse.osgi.internal.loader.ModuleClassLoader.findLocalClass(ModuleClassLoader.java:325)
	at org.eclipse.osgi.internal.loader.BundleLoader.findLocalClass(BundleLoader.java:345)
	at org.eclipse.osgi.internal.loader.sources.SingleSourcePackage.loadClass(SingleSourcePackage.java:36)
	at org.eclipse.osgi.internal.loader.BundleLoader.findClassInternal(BundleLoader.java:407)
	at org.eclipse.osgi.internal.loader.BundleLoader.findClass(BundleLoader.java:372)
	at org.eclipse.osgi.internal.loader.BundleLoader.findClass(BundleLoader.java:364)
	at org.eclipse.osgi.internal.loader.ModuleClassLoader.loadClass(ModuleClassLoader.java:161)
	at java.lang.ClassLoader.loadClass(Unknown Source)
	at java.lang.Class.getDeclaredConstructors0(Native Method)
	at java.lang.Class.privateGetDeclaredConstructors(Unknown Source)
	at java.lang.Class.getConstructor0(Unknown Source)
	at java.lang.Class.newInstance(Unknown Source)
	at org.eclipse.osgi.internal.framework.BundleContextImpl.loadBundleActivator(BundleContextImpl.java:758)
	at org.eclipse.osgi.internal.framework.BundleContextImpl.start(BundleContextImpl.java:711)
	at org.eclipse.osgi.internal.framework.EquinoxBundle.startWorker0(EquinoxBundle.java:932)
	at org.eclipse.osgi.internal.framework.EquinoxBundle$EquinoxModule.startWorker(EquinoxBundle.java:309)
	at org.eclipse.osgi.container.Module.doStart(Module.java:581)
	at org.eclipse.osgi.container.Module.start(Module.java:449)
	at org.eclipse.osgi.container.ModuleContainer$ContainerStartLevel.incStartLevel(ModuleContainer.java:1620)
	at org.eclipse.osgi.container.ModuleContainer$ContainerStartLevel.incStartLevel(ModuleContainer.java:1600)
	at org.eclipse.osgi.container.ModuleContainer$ContainerStartLevel.doContainerStartLevel(ModuleContainer.java:1571)
	at org.eclipse.osgi.container.ModuleContainer$ContainerStartLevel.dispatchEvent(ModuleContainer.java:1514)
	at org.eclipse.osgi.container.ModuleContainer$ContainerStartLevel.dispatchEvent(ModuleContainer.java:1)
	at org.eclipse.osgi.framework.eventmgr.EventManager.dispatchEvent(EventManager.java:230)
	at org.eclipse.osgi.framework.eventmgr.EventManager$EventThread.run(EventManager.java:340)
Caused by: java.util.concurrent.TimeoutException: Timeout after waiting 5 seconds to acquire the lock.
	at org.eclipse.osgi.container.Module.lockStateChange(Module.java:334)
	... 78 more
Root exception:
java.util.concurrent.TimeoutException: Timeout after waiting 5 seconds to acquire the lock.
	at org.eclipse.osgi.container.Module.lockStateChange(Module.java:334)
	at org.eclipse.osgi.container.Module.start(Module.java:401)
	at org.eclipse.osgi.framework.util.SecureAction.start(SecureAction.java:470)
	at org.eclipse.osgi.internal.hooks.EclipseLazyStarter.postFindLocalClass(EclipseLazyStarter.java:107)
	at org.eclipse.osgi.internal.loader.classpath.ClasspathManager.findLocalClass(ClasspathManager.java:529)
	at org.eclipse.osgi.internal.loader.ModuleClassLoader.findLocalClass(ModuleClassLoader.java:325)
	at org.eclipse.osgi.internal.loader.BundleLoader.findLocalClass(BundleLoader.java:345)
	at org.eclipse.osgi.internal.loader.BundleLoader.findClassInternal(BundleLoader.java:423)
	at org.eclipse.osgi.internal.loader.BundleLoader.findClass(BundleLoader.java:372)
	at org.eclipse.osgi.internal.loader.BundleLoader.findClass(BundleLoader.java:364)
	at org.eclipse.osgi.internal.framework.BundleContextImpl.loadBundleActivator(BundleContextImpl.java:757)
	at org.eclipse.osgi.internal.framework.BundleContextImpl.start(BundleContextImpl.java:711)
	at org.eclipse.osgi.internal.framework.EquinoxBundle.startWorker0(EquinoxBundle.java:932)
	at org.eclipse.osgi.internal.framework.EquinoxBundle$EquinoxModule.startWorker(EquinoxBundle.java:309)
	at org.eclipse.osgi.container.Module.doStart(Module.java:581)
	at org.eclipse.osgi.container.Module.start(Module.java:449)
	at org.eclipse.osgi.framework.util.SecureAction.start(SecureAction.java:470)
	at org.eclipse.osgi.internal.hooks.EclipseLazyStarter.postFindLocalClass(EclipseLazyStarter.java:107)
	at org.eclipse.osgi.internal.loader.classpath.ClasspathManager.findLocalClass(ClasspathManager.java:529)
	at org.eclipse.osgi.internal.loader.ModuleClassLoader.findLocalClass(ModuleClassLoader.java:325)
	at org.eclipse.osgi.internal.loader.BundleLoader.findLocalClass(BundleLoader.java:345)
	at org.eclipse.osgi.internal.loader.BundleLoader.findClassInternal(BundleLoader.java:423)
	at org.eclipse.osgi.internal.loader.BundleLoader.findClass(BundleLoader.java:372)
	at org.eclipse.osgi.internal.loader.BundleLoader.findClass(BundleLoader.java:364)
	at org.eclipse.osgi.internal.loader.ModuleClassLoader.loadClass(ModuleClassLoader.java:161)
	at java.lang.ClassLoader.loadClass(Unknown Source)
	at org.eclipse.osgi.internal.framework.EquinoxBundle.loadClass(EquinoxBundle.java:564)
	at org.eclipse.equinox.internal.ds.model.ServiceComponent.createInstance(ServiceComponent.java:493)
	at org.eclipse.equinox.internal.ds.model.ServiceComponentProp.createInstance(ServiceComponentProp.java:270)
	at org.eclipse.equinox.internal.ds.model.ServiceComponentProp.build(ServiceComponentProp.java:331)
	at org.eclipse.equinox.internal.ds.InstanceProcess.buildComponent(InstanceProcess.java:620)
	at org.eclipse.equinox.internal.ds.ServiceReg.getService(ServiceReg.java:53)
	at org.eclipse.osgi.internal.serviceregistry.ServiceFactoryUse$1.run(ServiceFactoryUse.java:212)
	at java.security.AccessController.doPrivileged(Native Method)
	at org.eclipse.osgi.internal.serviceregistry.ServiceFactoryUse.factoryGetService(ServiceFactoryUse.java:210)
	at org.eclipse.osgi.internal.serviceregistry.ServiceFactoryUse.getService(ServiceFactoryUse.java:111)
	at org.eclipse.osgi.internal.serviceregistry.ServiceConsumer$2.getService(ServiceConsumer.java:45)
	at org.eclipse.osgi.internal.serviceregistry.ServiceRegistrationImpl.getService(ServiceRegistrationImpl.java:496)
	at org.eclipse.osgi.internal.serviceregistry.ServiceRegistry.getService(ServiceRegistry.java:461)
	at org.eclipse.osgi.internal.framework.BundleContextImpl.getService(BundleContextImpl.java:619)
	at org.eclipse.equinox.internal.p2.core.Activator.registerAgent(Activator.java:175)
	at org.eclipse.equinox.internal.p2.core.Activator.start(Activator.java:244)
	at org.eclipse.osgi.internal.framework.BundleContextImpl$3.run(BundleContextImpl.java:774)
	at org.eclipse.osgi.internal.framework.BundleContextImpl$3.run(BundleContextImpl.java:1)
	at java.security.AccessController.doPrivileged(Native Method)
	at org.eclipse.osgi.internal.framework.BundleContextImpl.startActivator(BundleContextImpl.java:767)
	at org.eclipse.osgi.internal.framework.BundleContextImpl.start(BundleContextImpl.java:724)
	at org.eclipse.osgi.internal.framework.EquinoxBundle.startWorker0(EquinoxBundle.java:932)
	at org.eclipse.osgi.internal.framework.EquinoxBundle$EquinoxModule.startWorker(EquinoxBundle.java:309)
	at org.eclipse.osgi.container.Module.doStart(Module.java:581)
	at org.eclipse.osgi.container.Module.start(Module.java:449)
	at org.eclipse.osgi.framework.util.SecureAction.start(SecureAction.java:470)
	at org.eclipse.osgi.internal.hooks.EclipseLazyStarter.postFindLocalClass(EclipseLazyStarter.java:107)
	at org.eclipse.osgi.internal.loader.classpath.ClasspathManager.findLocalClass(ClasspathManager.java:529)
	at org.eclipse.osgi.internal.loader.ModuleClassLoader.findLocalClass(ModuleClassLoader.java:325)
	at org.eclipse.osgi.internal.loader.BundleLoader.findLocalClass(BundleLoader.java:345)
	at org.eclipse.osgi.internal.loader.sources.SingleSourcePackage.loadClass(SingleSourcePackage.java:36)
	at org.eclipse.osgi.internal.loader.BundleLoader.findClassInternal(BundleLoader.java:407)
	at org.eclipse.osgi.internal.loader.BundleLoader.findClass(BundleLoader.java:372)
	at org.eclipse.osgi.internal.loader.BundleLoader.findClass(BundleLoader.java:364)
	at org.eclipse.osgi.internal.loader.ModuleClassLoader.loadClass(ModuleClassLoader.java:161)
	at java.lang.ClassLoader.loadClass(Unknown Source)
	at java.lang.Class.getDeclaredConstructors0(Native Method)
	at java.lang.Class.privateGetDeclaredConstructors(Unknown Source)
	at java.lang.Class.getConstructor0(Unknown Source)
	at java.lang.Class.newInstance(Unknown Source)
	at org.eclipse.osgi.internal.framework.BundleContextImpl.loadBundleActivator(BundleContextImpl.java:758)
	at org.eclipse.osgi.internal.framework.BundleContextImpl.start(BundleContextImpl.java:711)
	at org.eclipse.osgi.internal.framework.EquinoxBundle.startWorker0(EquinoxBundle.java:932)
	at org.eclipse.osgi.internal.framework.EquinoxBundle$EquinoxModule.startWorker(EquinoxBundle.java:309)
	at org.eclipse.osgi.container.Module.doStart(Module.java:581)
	at org.eclipse.osgi.container.Module.start(Module.java:449)
	at org.eclipse.osgi.container.ModuleContainer$ContainerStartLevel.incStartLevel(ModuleContainer.java:1620)
	at org.eclipse.osgi.container.ModuleContainer$ContainerStartLevel.incStartLevel(ModuleContainer.java:1600)
	at org.eclipse.osgi.container.ModuleContainer$ContainerStartLevel.doContainerStartLevel(ModuleContainer.java:1571)
	at org.eclipse.osgi.container.ModuleContainer$ContainerStartLevel.dispatchEvent(ModuleContainer.java:1514)
	at org.eclipse.osgi.container.ModuleContainer$ContainerStartLevel.dispatchEvent(ModuleContainer.java:1)
	at org.eclipse.osgi.framework.eventmgr.EventManager.dispatchEvent(EventManager.java:230)
	at org.eclipse.osgi.framework.eventmgr.EventManager$EventThread.run(EventManager.java:340)

!ENTRY org.eclipse.osgi 2 0 2019-09-05 09:23:05.294
!MESSAGE While loading class "org.eclipse.core.runtime.Platform", thread "Thread[Start Level: Equinox Container: a2253b4a-bf69-468c-aa49-a0f50991d5e0,5,main]" timed out waiting (5002ms) for thread "Thread[Component Resolve Thread,5,main]" to finish starting bundle "org.eclipse.core.runtime_3.12.0.v20160606-1342 [167]". To avoid deadlock, thread "Thread[Start Level: Equinox Container: a2253b4a-bf69-468c-aa49-a0f50991d5e0,5,main]" is proceeding but "org.eclipse.core.runtime.Platform" may not be fully initialized.
!STACK 0
org.osgi.framework.BundleException: Unable to acquire the state change lock for the module: osgi.identity; osgi.identity="org.eclipse.core.runtime"; type="osgi.bundle"; version:Version="3.12.0.v20160606-1342"; singleton:="true" [id=167] STARTED [STARTED]
	at org.eclipse.osgi.container.Module.lockStateChange(Module.java:337)
	at org.eclipse.osgi.container.Module.start(Module.java:401)
	at org.eclipse.osgi.framework.util.SecureAction.start(SecureAction.java:470)
	at org.eclipse.osgi.internal.hooks.EclipseLazyStarter.postFindLocalClass(EclipseLazyStarter.java:107)
	at org.eclipse.osgi.internal.loader.classpath.ClasspathManager.findLocalClass(ClasspathManager.java:529)
	at org.eclipse.osgi.internal.loader.ModuleClassLoader.findLocalClass(ModuleClassLoader.java:325)
	at org.eclipse.osgi.internal.loader.BundleLoader.findLocalClass(BundleLoader.java:345)
	at org.eclipse.osgi.internal.loader.sources.SingleSourcePackage.loadClass(SingleSourcePackage.java:36)
	at org.eclipse.osgi.internal.loader.sources.MultiSourcePackage.loadClass(MultiSourcePackage.java:32)
	at org.eclipse.osgi.internal.loader.BundleLoader.findClassInternal(BundleLoader.java:419)
	at org.eclipse.osgi.internal.loader.BundleLoader.findClass(BundleLoader.java:372)
	at org.eclipse.osgi.internal.loader.BundleLoader.findClass(BundleLoader.java:364)
	at org.eclipse.osgi.internal.loader.ModuleClassLoader.loadClass(ModuleClassLoader.java:161)
	at java.lang.ClassLoader.loadClass(Unknown Source)
	at org.eclipse.emf.common.EMFPlugin.<clinit>(EMFPlugin.java:65)
	at org.eclipse.emf.common.CommonPlugin$Implementation.<init>(CommonPlugin.java:162)
	at org.eclipse.emf.common.CommonPlugin$Implementation$Activator.createBundle(CommonPlugin.java:267)
	at org.eclipse.emf.common.EMFPlugin$OSGiDelegatingBundleActivator.createBundleHelper(EMFPlugin.java:187)
	at org.eclipse.emf.common.EMFPlugin$OSGiDelegatingBundleActivator.<init>(EMFPlugin.java:180)
	at org.eclipse.emf.common.CommonPlugin$Implementation$Activator.<init>(CommonPlugin.java:262)
	at sun.reflect.NativeConstructorAccessorImpl.newInstance0(Native Method)
	at sun.reflect.NativeConstructorAccessorImpl.newInstance(Unknown Source)
	at sun.reflect.DelegatingConstructorAccessorImpl.newInstance(Unknown Source)
	at java.lang.reflect.Constructor.newInstance(Unknown Source)
	at java.lang.Class.newInstance(Unknown Source)
	at org.eclipse.osgi.internal.framework.BundleContextImpl.loadBundleActivator(BundleContextImpl.java:758)
	at org.eclipse.osgi.internal.framework.BundleContextImpl.start(BundleContextImpl.java:711)
	at org.eclipse.osgi.internal.framework.EquinoxBundle.startWorker0(EquinoxBundle.java:932)
	at org.eclipse.osgi.internal.framework.EquinoxBundle$EquinoxModule.startWorker(EquinoxBundle.java:309)
	at org.eclipse.osgi.container.Module.doStart(Module.java:581)
	at org.eclipse.osgi.container.Module.start(Module.java:449)
	at org.eclipse.osgi.framework.util.SecureAction.start(SecureAction.java:470)
	at org.eclipse.osgi.internal.hooks.EclipseLazyStarter.postFindLocalClass(EclipseLazyStarter.java:107)
	at org.eclipse.osgi.internal.loader.classpath.ClasspathManager.findLocalClass(ClasspathManager.java:529)
	at org.eclipse.osgi.internal.loader.ModuleClassLoader.findLocalClass(ModuleClassLoader.java:325)
	at org.eclipse.osgi.internal.loader.BundleLoader.findLocalClass(BundleLoader.java:345)
	at org.eclipse.osgi.internal.loader.BundleLoader.findClassInternal(BundleLoader.java:423)
	at org.eclipse.osgi.internal.loader.BundleLoader.findClass(BundleLoader.java:372)
	at org.eclipse.osgi.internal.loader.BundleLoader.findClass(BundleLoader.java:364)
	at org.eclipse.osgi.internal.framework.BundleContextImpl.loadBundleActivator(BundleContextImpl.java:757)
	at org.eclipse.osgi.internal.framework.BundleContextImpl.start(BundleContextImpl.java:711)
	at org.eclipse.osgi.internal.framework.EquinoxBundle.startWorker0(EquinoxBundle.java:932)
	at org.eclipse.osgi.internal.framework.EquinoxBundle$EquinoxModule.startWorker(EquinoxBundle.java:309)
	at org.eclipse.osgi.container.Module.doStart(Module.java:581)
	at org.eclipse.osgi.container.Module.start(Module.java:449)
	at org.eclipse.osgi.framework.util.SecureAction.start(SecureAction.java:470)
	at org.eclipse.osgi.internal.hooks.EclipseLazyStarter.postFindLocalClass(EclipseLazyStarter.java:107)
	at org.eclipse.osgi.internal.loader.classpath.ClasspathManager.findLocalClass(ClasspathManager.java:529)
	at org.eclipse.osgi.internal.loader.ModuleClassLoader.findLocalClass(ModuleClassLoader.java:325)
	at org.eclipse.osgi.internal.loader.BundleLoader.findLocalClass(BundleLoader.java:345)
	at org.eclipse.osgi.internal.loader.BundleLoader.findClassInternal(BundleLoader.java:423)
	at org.eclipse.osgi.internal.loader.BundleLoader.findClass(BundleLoader.java:372)
	at org.eclipse.osgi.internal.loader.BundleLoader.findClass(BundleLoader.java:364)
	at org.eclipse.osgi.internal.loader.ModuleClassLoader.loadClass(ModuleClassLoader.java:161)
	at java.lang.ClassLoader.loadClass(Unknown Source)
	at org.eclipse.osgi.internal.framework.EquinoxBundle.loadClass(EquinoxBundle.java:564)
	at org.eclipse.equinox.internal.ds.model.ServiceComponent.createInstance(ServiceComponent.java:493)
	at org.eclipse.equinox.internal.ds.model.ServiceComponentProp.createInstance(ServiceComponentProp.java:270)
	at org.eclipse.equinox.internal.ds.model.ServiceComponentProp.build(ServiceComponentProp.java:331)
	at org.eclipse.equinox.internal.ds.InstanceProcess.buildComponent(InstanceProcess.java:620)
	at org.eclipse.equinox.internal.ds.ServiceReg.getService(ServiceReg.java:53)
	at org.eclipse.osgi.internal.serviceregistry.ServiceFactoryUse$1.run(ServiceFactoryUse.java:212)
	at java.security.AccessController.doPrivileged(Native Method)
	at org.eclipse.osgi.internal.serviceregistry.ServiceFactoryUse.factoryGetService(ServiceFactoryUse.java:210)
	at org.eclipse.osgi.internal.serviceregistry.ServiceFactoryUse.getService(ServiceFactoryUse.java:111)
	at org.eclipse.osgi.internal.serviceregistry.ServiceConsumer$2.getService(ServiceConsumer.java:45)
	at org.eclipse.osgi.internal.serviceregistry.ServiceRegistrationImpl.getService(ServiceRegistrationImpl.java:496)
	at org.eclipse.osgi.internal.serviceregistry.ServiceRegistry.getService(ServiceRegistry.java:461)
	at org.eclipse.osgi.internal.framework.BundleContextImpl.getService(BundleContextImpl.java:619)
	at org.eclipse.equinox.internal.p2.core.Activator.registerAgent(Activator.java:175)
	at org.eclipse.equinox.internal.p2.core.Activator.start(Activator.java:244)
	at org.eclipse.osgi.internal.framework.BundleContextImpl$3.run(BundleContextImpl.java:774)
	at org.eclipse.osgi.internal.framework.BundleContextImpl$3.run(BundleContextImpl.java:1)
	at java.security.AccessController.doPrivileged(Native Method)
	at org.eclipse.osgi.internal.framework.BundleContextImpl.startActivator(BundleContextImpl.java:767)
	at org.eclipse.osgi.internal.framework.BundleContextImpl.start(BundleContextImpl.java:724)
	at org.eclipse.osgi.internal.framework.EquinoxBundle.startWorker0(EquinoxBundle.java:932)
	at org.eclipse.osgi.internal.framework.EquinoxBundle$EquinoxModule.startWorker(EquinoxBundle.java:309)
	at org.eclipse.osgi.container.Module.doStart(Module.java:581)
	at org.eclipse.osgi.container.Module.start(Module.java:449)
	at org.eclipse.osgi.framework.util.SecureAction.start(SecureAction.java:470)
	at org.eclipse.osgi.internal.hooks.EclipseLazyStarter.postFindLocalClass(EclipseLazyStarter.java:107)
	at org.eclipse.osgi.internal.loader.classpath.ClasspathManager.findLocalClass(ClasspathManager.java:529)
	at org.eclipse.osgi.internal.loader.ModuleClassLoader.findLocalClass(ModuleClassLoader.java:325)
	at org.eclipse.osgi.internal.loader.BundleLoader.findLocalClass(BundleLoader.java:345)
	at org.eclipse.osgi.internal.loader.sources.SingleSourcePackage.loadClass(SingleSourcePackage.java:36)
	at org.eclipse.osgi.internal.loader.BundleLoader.findClassInternal(BundleLoader.java:407)
	at org.eclipse.osgi.internal.loader.BundleLoader.findClass(BundleLoader.java:372)
	at org.eclipse.osgi.internal.loader.BundleLoader.findClass(BundleLoader.java:364)
	at org.eclipse.osgi.internal.loader.ModuleClassLoader.loadClass(ModuleClassLoader.java:161)
	at java.lang.ClassLoader.loadClass(Unknown Source)
	at java.lang.Class.getDeclaredConstructors0(Native Method)
	at java.lang.Class.privateGetDeclaredConstructors(Unknown Source)
	at java.lang.Class.getConstructor0(Unknown Source)
	at java.lang.Class.newInstance(Unknown Source)
	at org.eclipse.osgi.internal.framework.BundleContextImpl.loadBundleActivator(BundleContextImpl.java:758)
	at org.eclipse.osgi.internal.framework.BundleContextImpl.start(BundleContextImpl.java:711)
	at org.eclipse.osgi.internal.framework.EquinoxBundle.startWorker0(EquinoxBundle.java:932)
	at org.eclipse.osgi.internal.framework.EquinoxBundle$EquinoxModule.startWorker(EquinoxBundle.java:309)
	at org.eclipse.osgi.container.Module.doStart(Module.java:581)
	at org.eclipse.osgi.container.Module.start(Module.java:449)
	at org.eclipse.osgi.container.ModuleContainer$ContainerStartLevel.incStartLevel(ModuleContainer.java:1620)
	at org.eclipse.osgi.container.ModuleContainer$ContainerStartLevel.incStartLevel(ModuleContainer.java:1600)
	at org.eclipse.osgi.container.ModuleContainer$ContainerStartLevel.doContainerStartLevel(ModuleContainer.java:1571)
	at org.eclipse.osgi.container.ModuleContainer$ContainerStartLevel.dispatchEvent(ModuleContainer.java:1514)
	at org.eclipse.osgi.container.ModuleContainer$ContainerStartLevel.dispatchEvent(ModuleContainer.java:1)
	at org.eclipse.osgi.framework.eventmgr.EventManager.dispatchEvent(EventManager.java:230)
	at org.eclipse.osgi.framework.eventmgr.EventManager$EventThread.run(EventManager.java:340)
Caused by: java.util.concurrent.TimeoutException: Timeout after waiting 5 seconds to acquire the lock.
	at org.eclipse.osgi.container.Module.lockStateChange(Module.java:334)
	... 107 more
Root exception:
java.util.concurrent.TimeoutException: Timeout after waiting 5 seconds to acquire the lock.
	at org.eclipse.osgi.container.Module.lockStateChange(Module.java:334)
	at org.eclipse.osgi.container.Module.start(Module.java:401)
	at org.eclipse.osgi.framework.util.SecureAction.start(SecureAction.java:470)
	at org.eclipse.osgi.internal.hooks.EclipseLazyStarter.postFindLocalClass(EclipseLazyStarter.java:107)
	at org.eclipse.osgi.internal.loader.classpath.ClasspathManager.findLocalClass(ClasspathManager.java:529)
	at org.eclipse.osgi.internal.loader.ModuleClassLoader.findLocalClass(ModuleClassLoader.java:325)
	at org.eclipse.osgi.internal.loader.BundleLoader.findLocalClass(BundleLoader.java:345)
	at org.eclipse.osgi.internal.loader.sources.SingleSourcePackage.loadClass(SingleSourcePackage.java:36)
	at org.eclipse.osgi.internal.loader.sources.MultiSourcePackage.loadClass(MultiSourcePackage.java:32)
	at org.eclipse.osgi.internal.loader.BundleLoader.findClassInternal(BundleLoader.java:419)
	at org.eclipse.osgi.internal.loader.BundleLoader.findClass(BundleLoader.java:372)
	at org.eclipse.osgi.internal.loader.BundleLoader.findClass(BundleLoader.java:364)
	at org.eclipse.osgi.internal.loader.ModuleClassLoader.loadClass(ModuleClassLoader.java:161)
	at java.lang.ClassLoader.loadClass(Unknown Source)
	at org.eclipse.emf.common.EMFPlugin.<clinit>(EMFPlugin.java:65)
	at org.eclipse.emf.common.CommonPlugin$Implementation.<init>(CommonPlugin.java:162)
	at org.eclipse.emf.common.CommonPlugin$Implementation$Activator.createBundle(CommonPlugin.java:267)
	at org.eclipse.emf.common.EMFPlugin$OSGiDelegatingBundleActivator.createBundleHelper(EMFPlugin.java:187)
	at org.eclipse.emf.common.EMFPlugin$OSGiDelegatingBundleActivator.<init>(EMFPlugin.java:180)
	at org.eclipse.emf.common.CommonPlugin$Implementation$Activator.<init>(CommonPlugin.java:262)
	at sun.reflect.NativeConstructorAccessorImpl.newInstance0(Native Method)
	at sun.reflect.NativeConstructorAccessorImpl.newInstance(Unknown Source)
	at sun.reflect.DelegatingConstructorAccessorImpl.newInstance(Unknown Source)
	at java.lang.reflect.Constructor.newInstance(Unknown Source)
	at java.lang.Class.newInstance(Unknown Source)
	at org.eclipse.osgi.internal.framework.BundleContextImpl.loadBundleActivator(BundleContextImpl.java:758)
	at org.eclipse.osgi.internal.framework.BundleContextImpl.start(BundleContextImpl.java:711)
	at org.eclipse.osgi.internal.framework.EquinoxBundle.startWorker0(EquinoxBundle.java:932)
	at org.eclipse.osgi.internal.framework.EquinoxBundle$EquinoxModule.startWorker(EquinoxBundle.java:309)
	at org.eclipse.osgi.container.Module.doStart(Module.java:581)
	at org.eclipse.osgi.container.Module.start(Module.java:449)
	at org.eclipse.osgi.framework.util.SecureAction.start(SecureAction.java:470)
	at org.eclipse.osgi.internal.hooks.EclipseLazyStarter.postFindLocalClass(EclipseLazyStarter.java:107)
	at org.eclipse.osgi.internal.loader.classpath.ClasspathManager.findLocalClass(ClasspathManager.java:529)
	at org.eclipse.osgi.internal.loader.ModuleClassLoader.findLocalClass(ModuleClassLoader.java:325)
	at org.eclipse.osgi.internal.loader.BundleLoader.findLocalClass(BundleLoader.java:345)
	at org.eclipse.osgi.internal.loader.BundleLoader.findClassInternal(BundleLoader.java:423)
	at org.eclipse.osgi.internal.loader.BundleLoader.findClass(BundleLoader.java:372)
	at org.eclipse.osgi.internal.loader.BundleLoader.findClass(BundleLoader.java:364)
	at org.eclipse.osgi.internal.framework.BundleContextImpl.loadBundleActivator(BundleContextImpl.java:757)
	at org.eclipse.osgi.internal.framework.BundleContextImpl.start(BundleContextImpl.java:711)
	at org.eclipse.osgi.internal.framework.EquinoxBundle.startWorker0(EquinoxBundle.java:932)
	at org.eclipse.osgi.internal.framework.EquinoxBundle$EquinoxModule.startWorker(EquinoxBundle.java:309)
	at org.eclipse.osgi.container.Module.doStart(Module.java:581)
	at org.eclipse.osgi.container.Module.start(Module.java:449)
	at org.eclipse.osgi.framework.util.SecureAction.start(SecureAction.java:470)
	at org.eclipse.osgi.internal.hooks.EclipseLazyStarter.postFindLocalClass(EclipseLazyStarter.java:107)
	at org.eclipse.osgi.internal.loader.classpath.ClasspathManager.findLocalClass(ClasspathManager.java:529)
	at org.eclipse.osgi.internal.loader.ModuleClassLoader.findLocalClass(ModuleClassLoader.java:325)
	at org.eclipse.osgi.internal.loader.BundleLoader.findLocalClass(BundleLoader.java:345)
	at org.eclipse.osgi.internal.loader.BundleLoader.findClassInternal(BundleLoader.java:423)
	at org.eclipse.osgi.internal.loader.BundleLoader.findClass(BundleLoader.java:372)
	at org.eclipse.osgi.internal.loader.BundleLoader.findClass(BundleLoader.java:364)
	at org.eclipse.osgi.internal.loader.ModuleClassLoader.loadClass(ModuleClassLoader.java:161)
	at java.lang.ClassLoader.loadClass(Unknown Source)
	at org.eclipse.osgi.internal.framework.EquinoxBundle.loadClass(EquinoxBundle.java:564)
	at org.eclipse.equinox.internal.ds.model.ServiceComponent.createInstance(ServiceComponent.java:493)
	at org.eclipse.equinox.internal.ds.model.ServiceComponentProp.createInstance(ServiceComponentProp.java:270)
	at org.eclipse.equinox.internal.ds.model.ServiceComponentProp.build(ServiceComponentProp.java:331)
	at org.eclipse.equinox.internal.ds.InstanceProcess.buildComponent(InstanceProcess.java:620)
	at org.eclipse.equinox.internal.ds.ServiceReg.getService(ServiceReg.java:53)
	at org.eclipse.osgi.internal.serviceregistry.ServiceFactoryUse$1.run(ServiceFactoryUse.java:212)
	at java.security.AccessController.doPrivileged(Native Method)
	at org.eclipse.osgi.internal.serviceregistry.ServiceFactoryUse.factoryGetService(ServiceFactoryUse.java:210)
	at org.eclipse.osgi.internal.serviceregistry.ServiceFactoryUse.getService(ServiceFactoryUse.java:111)
	at org.eclipse.osgi.internal.serviceregistry.ServiceConsumer$2.getService(ServiceConsumer.java:45)
	at org.eclipse.osgi.internal.serviceregistry.ServiceRegistrationImpl.getService(ServiceRegistrationImpl.java:496)
	at org.eclipse.osgi.internal.serviceregistry.ServiceRegistry.getService(ServiceRegistry.java:461)
	at org.eclipse.osgi.internal.framework.BundleContextImpl.getService(BundleContextImpl.java:619)
	at org.eclipse.equinox.internal.p2.core.Activator.registerAgent(Activator.java:175)
	at org.eclipse.equinox.internal.p2.core.Activator.start(Activator.java:244)
	at org.eclipse.osgi.internal.framework.BundleContextImpl$3.run(BundleContextImpl.java:774)
	at org.eclipse.osgi.internal.framework.BundleContextImpl$3.run(BundleContextImpl.java:1)
	at java.security.AccessController.doPrivileged(Native Method)
	at org.eclipse.osgi.internal.framework.BundleContextImpl.startActivator(BundleContextImpl.java:767)
	at org.eclipse.osgi.internal.framework.BundleContextImpl.start(BundleContextImpl.java:724)
	at org.eclipse.osgi.internal.framework.EquinoxBundle.startWorker0(EquinoxBundle.java:932)
	at org.eclipse.osgi.internal.framework.EquinoxBundle$EquinoxModule.startWorker(EquinoxBundle.java:309)
	at org.eclipse.osgi.container.Module.doStart(Module.java:581)
	at org.eclipse.osgi.container.Module.start(Module.java:449)
	at org.eclipse.osgi.framework.util.SecureAction.start(SecureAction.java:470)
	at org.eclipse.osgi.internal.hooks.EclipseLazyStarter.postFindLocalClass(EclipseLazyStarter.java:107)
	at org.eclipse.osgi.internal.loader.classpath.ClasspathManager.findLocalClass(ClasspathManager.java:529)
	at org.eclipse.osgi.internal.loader.ModuleClassLoader.findLocalClass(ModuleClassLoader.java:325)
	at org.eclipse.osgi.internal.loader.BundleLoader.findLocalClass(BundleLoader.java:345)
	at org.eclipse.osgi.internal.loader.sources.SingleSourcePackage.loadClass(SingleSourcePackage.java:36)
	at org.eclipse.osgi.internal.loader.BundleLoader.findClassInternal(BundleLoader.java:407)
	at org.eclipse.osgi.internal.loader.BundleLoader.findClass(BundleLoader.java:372)
	at org.eclipse.osgi.internal.loader.BundleLoader.findClass(BundleLoader.java:364)
	at org.eclipse.osgi.internal.loader.ModuleClassLoader.loadClass(ModuleClassLoader.java:161)
	at java.lang.ClassLoader.loadClass(Unknown Source)
	at java.lang.Class.getDeclaredConstructors0(Native Method)
	at java.lang.Class.privateGetDeclaredConstructors(Unknown Source)
	at java.lang.Class.getConstructor0(Unknown Source)
	at java.lang.Class.newInstance(Unknown Source)
	at org.eclipse.osgi.internal.framework.BundleContextImpl.loadBundleActivator(BundleContextImpl.java:758)
	at org.eclipse.osgi.internal.framework.BundleContextImpl.start(BundleContextImpl.java:711)
	at org.eclipse.osgi.internal.framework.EquinoxBundle.startWorker0(EquinoxBundle.java:932)
	at org.eclipse.osgi.internal.framework.EquinoxBundle$EquinoxModule.startWorker(EquinoxBundle.java:309)
	at org.eclipse.osgi.container.Module.doStart(Module.java:581)
	at org.eclipse.osgi.container.Module.start(Module.java:449)
	at org.eclipse.osgi.container.ModuleContainer$ContainerStartLevel.incStartLevel(ModuleContainer.java:1620)
	at org.eclipse.osgi.container.ModuleContainer$ContainerStartLevel.incStartLevel(ModuleContainer.java:1600)
	at org.eclipse.osgi.container.ModuleContainer$ContainerStartLevel.doContainerStartLevel(ModuleContainer.java:1571)
	at org.eclipse.osgi.container.ModuleContainer$ContainerStartLevel.dispatchEvent(ModuleContainer.java:1514)
	at org.eclipse.osgi.container.ModuleContainer$ContainerStartLevel.dispatchEvent(ModuleContainer.java:1)
	at org.eclipse.osgi.framework.eventmgr.EventManager.dispatchEvent(EventManager.java:230)
	at org.eclipse.osgi.framework.eventmgr.EventManager$EventThread.run(EventManager.java:340)

!ENTRY org.eclipse.osgi 2 0 2019-09-05 09:23:10.301
!MESSAGE While loading class "org.eclipse.core.internal.runtime.Messages", thread "Thread[Start Level: Equinox Container: a2253b4a-bf69-468c-aa49-a0f50991d5e0,5,main]" timed out waiting (5001ms) for thread "Thread[Component Resolve Thread,5,main]" to finish starting bundle "org.eclipse.core.runtime_3.12.0.v20160606-1342 [167]". To avoid deadlock, thread "Thread[Start Level: Equinox Container: a2253b4a-bf69-468c-aa49-a0f50991d5e0,5,main]" is proceeding but "org.eclipse.core.internal.runtime.Messages" may not be fully initialized.
!STACK 0
org.osgi.framework.BundleException: Unable to acquire the state change lock for the module: osgi.identity; osgi.identity="org.eclipse.core.runtime"; type="osgi.bundle"; version:Version="3.12.0.v20160606-1342"; singleton:="true" [id=167] STARTED [STARTED]
	at org.eclipse.osgi.container.Module.lockStateChange(Module.java:337)
	at org.eclipse.osgi.container.Module.start(Module.java:401)
	at org.eclipse.osgi.framework.util.SecureAction.start(SecureAction.java:470)
	at org.eclipse.osgi.internal.hooks.EclipseLazyStarter.postFindLocalClass(EclipseLazyStarter.java:107)
	at org.eclipse.osgi.internal.loader.classpath.ClasspathManager.findLocalClass(ClasspathManager.java:529)
	at org.eclipse.osgi.internal.loader.ModuleClassLoader.findLocalClass(ModuleClassLoader.java:325)
	at org.eclipse.osgi.internal.loader.BundleLoader.findLocalClass(BundleLoader.java:345)
	at org.eclipse.osgi.internal.loader.BundleLoader.findClassInternal(BundleLoader.java:423)
	at org.eclipse.osgi.internal.loader.BundleLoader.findClass(BundleLoader.java:372)
	at org.eclipse.osgi.internal.loader.BundleLoader.findClass(BundleLoader.java:364)
	at org.eclipse.osgi.internal.loader.ModuleClassLoader.loadClass(ModuleClassLoader.java:161)
	at java.lang.ClassLoader.loadClass(Unknown Source)
	at org.eclipse.core.runtime.Platform.<clinit>(Platform.java:434)
	at org.eclipse.emf.common.EMFPlugin.<clinit>(EMFPlugin.java:65)
	at org.eclipse.emf.common.CommonPlugin$Implementation.<init>(CommonPlugin.java:162)
	at org.eclipse.emf.common.CommonPlugin$Implementation$Activator.createBundle(CommonPlugin.java:267)
	at org.eclipse.emf.common.EMFPlugin$OSGiDelegatingBundleActivator.createBundleHelper(EMFPlugin.java:187)
	at org.eclipse.emf.common.EMFPlugin$OSGiDelegatingBundleActivator.<init>(EMFPlugin.java:180)
	at org.eclipse.emf.common.CommonPlugin$Implementation$Activator.<init>(CommonPlugin.java:262)
	at sun.reflect.NativeConstructorAccessorImpl.newInstance0(Native Method)
	at sun.reflect.NativeConstructorAccessorImpl.newInstance(Unknown Source)
	at sun.reflect.DelegatingConstructorAccessorImpl.newInstance(Unknown Source)
	at java.lang.reflect.Constructor.newInstance(Unknown Source)
	at java.lang.Class.newInstance(Unknown Source)
	at org.eclipse.osgi.internal.framework.BundleContextImpl.loadBundleActivator(BundleContextImpl.java:758)
	at org.eclipse.osgi.internal.framework.BundleContextImpl.start(BundleContextImpl.java:711)
	at org.eclipse.osgi.internal.framework.EquinoxBundle.startWorker0(EquinoxBundle.java:932)
	at org.eclipse.osgi.internal.framework.EquinoxBundle$EquinoxModule.startWorker(EquinoxBundle.java:309)
	at org.eclipse.osgi.container.Module.doStart(Module.java:581)
	at org.eclipse.osgi.container.Module.start(Module.java:449)
	at org.eclipse.osgi.framework.util.SecureAction.start(SecureAction.java:470)
	at org.eclipse.osgi.internal.hooks.EclipseLazyStarter.postFindLocalClass(EclipseLazyStarter.java:107)
	at org.eclipse.osgi.internal.loader.classpath.ClasspathManager.findLocalClass(ClasspathManager.java:529)
	at org.eclipse.osgi.internal.loader.ModuleClassLoader.findLocalClass(ModuleClassLoader.java:325)
	at org.eclipse.osgi.internal.loader.BundleLoader.findLocalClass(BundleLoader.java:345)
	at org.eclipse.osgi.internal.loader.BundleLoader.findClassInternal(BundleLoader.java:423)
	at org.eclipse.osgi.internal.loader.BundleLoader.findClass(BundleLoader.java:372)
	at org.eclipse.osgi.internal.loader.BundleLoader.findClass(BundleLoader.java:364)
	at org.eclipse.osgi.internal.framework.BundleContextImpl.loadBundleActivator(BundleContextImpl.java:757)
	at org.eclipse.osgi.internal.framework.BundleContextImpl.start(BundleContextImpl.java:711)
	at org.eclipse.osgi.internal.framework.EquinoxBundle.startWorker0(EquinoxBundle.java:932)
	at org.eclipse.osgi.internal.framework.EquinoxBundle$EquinoxModule.startWorker(EquinoxBundle.java:309)
	at org.eclipse.osgi.container.Module.doStart(Module.java:581)
	at org.eclipse.osgi.container.Module.start(Module.java:449)
	at org.eclipse.osgi.framework.util.SecureAction.start(SecureAction.java:470)
	at org.eclipse.osgi.internal.hooks.EclipseLazyStarter.postFindLocalClass(EclipseLazyStarter.java:107)
	at org.eclipse.osgi.internal.loader.classpath.ClasspathManager.findLocalClass(ClasspathManager.java:529)
	at org.eclipse.osgi.internal.loader.ModuleClassLoader.findLocalClass(ModuleClassLoader.java:325)
	at org.eclipse.osgi.internal.loader.BundleLoader.findLocalClass(BundleLoader.java:345)
	at org.eclipse.osgi.internal.loader.BundleLoader.findClassInternal(BundleLoader.java:423)
	at org.eclipse.osgi.internal.loader.BundleLoader.findClass(BundleLoader.java:372)
	at org.eclipse.osgi.internal.loader.BundleLoader.findClass(BundleLoader.java:364)
	at org.eclipse.osgi.internal.loader.ModuleClassLoader.loadClass(ModuleClassLoader.java:161)
	at java.lang.ClassLoader.loadClass(Unknown Source)
	at org.eclipse.osgi.internal.framework.EquinoxBundle.loadClass(EquinoxBundle.java:564)
	at org.eclipse.equinox.internal.ds.model.ServiceComponent.createInstance(ServiceComponent.java:493)
	at org.eclipse.equinox.internal.ds.model.ServiceComponentProp.createInstance(ServiceComponentProp.java:270)
	at org.eclipse.equinox.internal.ds.model.ServiceComponentProp.build(ServiceComponentProp.java:331)
	at org.eclipse.equinox.internal.ds.InstanceProcess.buildComponent(InstanceProcess.java:620)
	at org.eclipse.equinox.internal.ds.ServiceReg.getService(ServiceReg.java:53)
	at org.eclipse.osgi.internal.serviceregistry.ServiceFactoryUse$1.run(ServiceFactoryUse.java:212)
	at java.security.AccessController.doPrivileged(Native Method)
	at org.eclipse.osgi.internal.serviceregistry.ServiceFactoryUse.factoryGetService(ServiceFactoryUse.java:210)
	at org.eclipse.osgi.internal.serviceregistry.ServiceFactoryUse.getService(ServiceFactoryUse.java:111)
	at org.eclipse.osgi.internal.serviceregistry.ServiceConsumer$2.getService(ServiceConsumer.java:45)
	at org.eclipse.osgi.internal.serviceregistry.ServiceRegistrationImpl.getService(ServiceRegistrationImpl.java:496)
	at org.eclipse.osgi.internal.serviceregistry.ServiceRegistry.getService(ServiceRegistry.java:461)
	at org.eclipse.osgi.internal.framework.BundleContextImpl.getService(BundleContextImpl.java:619)
	at org.eclipse.equinox.internal.p2.core.Activator.registerAgent(Activator.java:175)
	at org.eclipse.equinox.internal.p2.core.Activator.start(Activator.java:244)
	at org.eclipse.osgi.internal.framework.BundleContextImpl$3.run(BundleContextImpl.java:774)
	at org.eclipse.osgi.internal.framework.BundleContextImpl$3.run(BundleContextImpl.java:1)
	at java.security.AccessController.doPrivileged(Native Method)
	at org.eclipse.osgi.internal.framework.BundleContextImpl.startActivator(BundleContextImpl.java:767)
	at org.eclipse.osgi.internal.framework.BundleContextImpl.start(BundleContextImpl.java:724)
	at org.eclipse.osgi.internal.framework.EquinoxBundle.startWorker0(EquinoxBundle.java:932)
	at org.eclipse.osgi.internal.framework.EquinoxBundle$EquinoxModule.startWorker(EquinoxBundle.java:309)
	at org.eclipse.osgi.container.Module.doStart(Module.java:581)
	at org.eclipse.osgi.container.Module.start(Module.java:449)
	at org.eclipse.osgi.framework.util.SecureAction.start(SecureAction.java:470)
	at org.eclipse.osgi.internal.hooks.EclipseLazyStarter.postFindLocalClass(EclipseLazyStarter.java:107)
	at org.eclipse.osgi.internal.loader.classpath.ClasspathManager.findLocalClass(ClasspathManager.java:529)
	at org.eclipse.osgi.internal.loader.ModuleClassLoader.findLocalClass(ModuleClassLoader.java:325)
	at org.eclipse.osgi.internal.loader.BundleLoader.findLocalClass(BundleLoader.java:345)
	at org.eclipse.osgi.internal.loader.sources.SingleSourcePackage.loadClass(SingleSourcePackage.java:36)
	at org.eclipse.osgi.internal.loader.BundleLoader.findClassInternal(BundleLoader.java:407)
	at org.eclipse.osgi.internal.loader.BundleLoader.findClass(BundleLoader.java:372)
	at org.eclipse.osgi.internal.loader.BundleLoader.findClass(BundleLoader.java:364)
	at org.eclipse.osgi.internal.loader.ModuleClassLoader.loadClass(ModuleClassLoader.java:161)
	at java.lang.ClassLoader.loadClass(Unknown Source)
	at java.lang.Class.getDeclaredConstructors0(Native Method)
	at java.lang.Class.privateGetDeclaredConstructors(Unknown Source)
	at java.lang.Class.getConstructor0(Unknown Source)
	at java.lang.Class.newInstance(Unknown Source)
	at org.eclipse.osgi.internal.framework.BundleContextImpl.loadBundleActivator(BundleContextImpl.java:758)
	at org.eclipse.osgi.internal.framework.BundleContextImpl.start(BundleContextImpl.java:711)
	at org.eclipse.osgi.internal.framework.EquinoxBundle.startWorker0(EquinoxBundle.java:932)
	at org.eclipse.osgi.internal.framework.EquinoxBundle$EquinoxModule.startWorker(EquinoxBundle.java:309)
	at org.eclipse.osgi.container.Module.doStart(Module.java:581)
	at org.eclipse.osgi.container.Module.start(Module.java:449)
	at org.eclipse.osgi.container.ModuleContainer$ContainerStartLevel.incStartLevel(ModuleContainer.java:1620)
	at org.eclipse.osgi.container.ModuleContainer$ContainerStartLevel.incStartLevel(ModuleContainer.java:1600)
	at org.eclipse.osgi.container.ModuleContainer$ContainerStartLevel.doContainerStartLevel(ModuleContainer.java:1571)
	at org.eclipse.osgi.container.ModuleContainer$ContainerStartLevel.dispatchEvent(ModuleContainer.java:1514)
	at org.eclipse.osgi.container.ModuleContainer$ContainerStartLevel.dispatchEvent(ModuleContainer.java:1)
	at org.eclipse.osgi.framework.eventmgr.EventManager.dispatchEvent(EventManager.java:230)
	at org.eclipse.osgi.framework.eventmgr.EventManager$EventThread.run(EventManager.java:340)
Caused by: java.util.concurrent.TimeoutException: Timeout after waiting 5 seconds to acquire the lock.
	at org.eclipse.osgi.container.Module.lockStateChange(Module.java:334)
	... 106 more
Root exception:
java.util.concurrent.TimeoutException: Timeout after waiting 5 seconds to acquire the lock.
	at org.eclipse.osgi.container.Module.lockStateChange(Module.java:334)
	at org.eclipse.osgi.container.Module.start(Module.java:401)
	at org.eclipse.osgi.framework.util.SecureAction.start(SecureAction.java:470)
	at org.eclipse.osgi.internal.hooks.EclipseLazyStarter.postFindLocalClass(EclipseLazyStarter.java:107)
	at org.eclipse.osgi.internal.loader.classpath.ClasspathManager.findLocalClass(ClasspathManager.java:529)
	at org.eclipse.osgi.internal.loader.ModuleClassLoader.findLocalClass(ModuleClassLoader.java:325)
	at org.eclipse.osgi.internal.loader.BundleLoader.findLocalClass(BundleLoader.java:345)
	at org.eclipse.osgi.internal.loader.BundleLoader.findClassInternal(BundleLoader.java:423)
	at org.eclipse.osgi.internal.loader.BundleLoader.findClass(BundleLoader.java:372)
	at org.eclipse.osgi.internal.loader.BundleLoader.findClass(BundleLoader.java:364)
	at org.eclipse.osgi.internal.loader.ModuleClassLoader.loadClass(ModuleClassLoader.java:161)
	at java.lang.ClassLoader.loadClass(Unknown Source)
	at org.eclipse.core.runtime.Platform.<clinit>(Platform.java:434)
	at org.eclipse.emf.common.EMFPlugin.<clinit>(EMFPlugin.java:65)
	at org.eclipse.emf.common.CommonPlugin$Implementation.<init>(CommonPlugin.java:162)
	at org.eclipse.emf.common.CommonPlugin$Implementation$Activator.createBundle(CommonPlugin.java:267)
	at org.eclipse.emf.common.EMFPlugin$OSGiDelegatingBundleActivator.createBundleHelper(EMFPlugin.java:187)
	at org.eclipse.emf.common.EMFPlugin$OSGiDelegatingBundleActivator.<init>(EMFPlugin.java:180)
	at org.eclipse.emf.common.CommonPlugin$Implementation$Activator.<init>(CommonPlugin.java:262)
	at sun.reflect.NativeConstructorAccessorImpl.newInstance0(Native Method)
	at sun.reflect.NativeConstructorAccessorImpl.newInstance(Unknown Source)
	at sun.reflect.DelegatingConstructorAccessorImpl.newInstance(Unknown Source)
	at java.lang.reflect.Constructor.newInstance(Unknown Source)
	at java.lang.Class.newInstance(Unknown Source)
	at org.eclipse.osgi.internal.framework.BundleContextImpl.loadBundleActivator(BundleContextImpl.java:758)
	at org.eclipse.osgi.internal.framework.BundleContextImpl.start(BundleContextImpl.java:711)
	at org.eclipse.osgi.internal.framework.EquinoxBundle.startWorker0(EquinoxBundle.java:932)
	at org.eclipse.osgi.internal.framework.EquinoxBundle$EquinoxModule.startWorker(EquinoxBundle.java:309)
	at org.eclipse.osgi.container.Module.doStart(Module.java:581)
	at org.eclipse.osgi.container.Module.start(Module.java:449)
	at org.eclipse.osgi.framework.util.SecureAction.start(SecureAction.java:470)
	at org.eclipse.osgi.internal.hooks.EclipseLazyStarter.postFindLocalClass(EclipseLazyStarter.java:107)
	at org.eclipse.osgi.internal.loader.classpath.ClasspathManager.findLocalClass(ClasspathManager.java:529)
	at org.eclipse.osgi.internal.loader.ModuleClassLoader.findLocalClass(ModuleClassLoader.java:325)
	at org.eclipse.osgi.internal.loader.BundleLoader.findLocalClass(BundleLoader.java:345)
	at org.eclipse.osgi.internal.loader.BundleLoader.findClassInternal(BundleLoader.java:423)
	at org.eclipse.osgi.internal.loader.BundleLoader.findClass(BundleLoader.java:372)
	at org.eclipse.osgi.internal.loader.BundleLoader.findClass(BundleLoader.java:364)
	at org.eclipse.osgi.internal.framework.BundleContextImpl.loadBundleActivator(BundleContextImpl.java:757)
	at org.eclipse.osgi.internal.framework.BundleContextImpl.start(BundleContextImpl.java:711)
	at org.eclipse.osgi.internal.framework.EquinoxBundle.startWorker0(EquinoxBundle.java:932)
	at org.eclipse.osgi.internal.framework.EquinoxBundle$EquinoxModule.startWorker(EquinoxBundle.java:309)
	at org.eclipse.osgi.container.Module.doStart(Module.java:581)
	at org.eclipse.osgi.container.Module.start(Module.java:449)
	at org.eclipse.osgi.framework.util.SecureAction.start(SecureAction.java:470)
	at org.eclipse.osgi.internal.hooks.EclipseLazyStarter.postFindLocalClass(EclipseLazyStarter.java:107)
	at org.eclipse.osgi.internal.loader.classpath.ClasspathManager.findLocalClass(ClasspathManager.java:529)
	at org.eclipse.osgi.internal.loader.ModuleClassLoader.findLocalClass(ModuleClassLoader.java:325)
	at org.eclipse.osgi.internal.loader.BundleLoader.findLocalClass(BundleLoader.java:345)
	at org.eclipse.osgi.internal.loader.BundleLoader.findClassInternal(BundleLoader.java:423)
	at org.eclipse.osgi.internal.loader.BundleLoader.findClass(BundleLoader.java:372)
	at org.eclipse.osgi.internal.loader.BundleLoader.findClass(BundleLoader.java:364)
	at org.eclipse.osgi.internal.loader.ModuleClassLoader.loadClass(ModuleClassLoader.java:161)
	at java.lang.ClassLoader.loadClass(Unknown Source)
	at org.eclipse.osgi.internal.framework.EquinoxBundle.loadClass(EquinoxBundle.java:564)
	at org.eclipse.equinox.internal.ds.model.ServiceComponent.createInstance(ServiceComponent.java:493)
	at org.eclipse.equinox.internal.ds.model.ServiceComponentProp.createInstance(ServiceComponentProp.java:270)
	at org.eclipse.equinox.internal.ds.model.ServiceComponentProp.build(ServiceComponentProp.java:331)
	at org.eclipse.equinox.internal.ds.InstanceProcess.buildComponent(InstanceProcess.java:620)
	at org.eclipse.equinox.internal.ds.ServiceReg.getService(ServiceReg.java:53)
	at org.eclipse.osgi.internal.serviceregistry.ServiceFactoryUse$1.run(ServiceFactoryUse.java:212)
	at java.security.AccessController.doPrivileged(Native Method)
	at org.eclipse.osgi.internal.serviceregistry.ServiceFactoryUse.factoryGetService(ServiceFactoryUse.java:210)
	at org.eclipse.osgi.internal.serviceregistry.ServiceFactoryUse.getService(ServiceFactoryUse.java:111)
	at org.eclipse.osgi.internal.serviceregistry.ServiceConsumer$2.getService(ServiceConsumer.java:45)
	at org.eclipse.osgi.internal.serviceregistry.ServiceRegistrationImpl.getService(ServiceRegistrationImpl.java:496)
	at org.eclipse.osgi.internal.serviceregistry.ServiceRegistry.getService(ServiceRegistry.java:461)
	at org.eclipse.osgi.internal.framework.BundleContextImpl.getService(BundleContextImpl.java:619)
	at org.eclipse.equinox.internal.p2.core.Activator.registerAgent(Activator.java:175)
	at org.eclipse.equinox.internal.p2.core.Activator.start(Activator.java:244)
	at org.eclipse.osgi.internal.framework.BundleContextImpl$3.run(BundleContextImpl.java:774)
	at org.eclipse.osgi.internal.framework.BundleContextImpl$3.run(BundleContextImpl.java:1)
	at java.security.AccessController.doPrivileged(Native Method)
	at org.eclipse.osgi.internal.framework.BundleContextImpl.startActivator(BundleContextImpl.java:767)
	at org.eclipse.osgi.internal.framework.BundleContextImpl.start(BundleContextImpl.java:724)
	at org.eclipse.osgi.internal.framework.EquinoxBundle.startWorker0(EquinoxBundle.java:932)
	at org.eclipse.osgi.internal.framework.EquinoxBundle$EquinoxModule.startWorker(EquinoxBundle.java:309)
	at org.eclipse.osgi.container.Module.doStart(Module.java:581)
	at org.eclipse.osgi.container.Module.start(Module.java:449)
	at org.eclipse.osgi.framework.util.SecureAction.start(SecureAction.java:470)
	at org.eclipse.osgi.internal.hooks.EclipseLazyStarter.postFindLocalClass(EclipseLazyStarter.java:107)
	at org.eclipse.osgi.internal.loader.classpath.ClasspathManager.findLocalClass(ClasspathManager.java:529)
	at org.eclipse.osgi.internal.loader.ModuleClassLoader.findLocalClass(ModuleClassLoader.java:325)
	at org.eclipse.osgi.internal.loader.BundleLoader.findLocalClass(BundleLoader.java:345)
	at org.eclipse.osgi.internal.loader.sources.SingleSourcePackage.loadClass(SingleSourcePackage.java:36)
	at org.eclipse.osgi.internal.loader.BundleLoader.findClassInternal(BundleLoader.java:407)
	at org.eclipse.osgi.internal.loader.BundleLoader.findClass(BundleLoader.java:372)
	at org.eclipse.osgi.internal.loader.BundleLoader.findClass(BundleLoader.java:364)
	at org.eclipse.osgi.internal.loader.ModuleClassLoader.loadClass(ModuleClassLoader.java:161)
	at java.lang.ClassLoader.loadClass(Unknown Source)
	at java.lang.Class.getDeclaredConstructors0(Native Method)
	at java.lang.Class.privateGetDeclaredConstructors(Unknown Source)
	at java.lang.Class.getConstructor0(Unknown Source)
	at java.lang.Class.newInstance(Unknown Source)
	at org.eclipse.osgi.internal.framework.BundleContextImpl.loadBundleActivator(BundleContextImpl.java:758)
	at org.eclipse.osgi.internal.framework.BundleContextImpl.start(BundleContextImpl.java:711)
	at org.eclipse.osgi.internal.framework.EquinoxBundle.startWorker0(EquinoxBundle.java:932)
	at org.eclipse.osgi.internal.framework.EquinoxBundle$EquinoxModule.startWorker(EquinoxBundle.java:309)
	at org.eclipse.osgi.container.Module.doStart(Module.java:581)
	at org.eclipse.osgi.container.Module.start(Module.java:449)
	at org.eclipse.osgi.container.ModuleContainer$ContainerStartLevel.incStartLevel(ModuleContainer.java:1620)
	at org.eclipse.osgi.container.ModuleContainer$ContainerStartLevel.incStartLevel(ModuleContainer.java:1600)
	at org.eclipse.osgi.container.ModuleContainer$ContainerStartLevel.doContainerStartLevel(ModuleContainer.java:1571)
	at org.eclipse.osgi.container.ModuleContainer$ContainerStartLevel.dispatchEvent(ModuleContainer.java:1514)
	at org.eclipse.osgi.container.ModuleContainer$ContainerStartLevel.dispatchEvent(ModuleContainer.java:1)
	at org.eclipse.osgi.framework.eventmgr.EventManager.dispatchEvent(EventManager.java:230)
	at org.eclipse.osgi.framework.eventmgr.EventManager$EventThread.run(EventManager.java:340)

!ENTRY org.eclipse.osgi 2 0 2019-09-05 09:23:15.531
!MESSAGE While loading class "org.eclipse.core.runtime.ILog", thread "Thread[Start Level: Equinox Container: a2253b4a-bf69-468c-aa49-a0f50991d5e0,5,main]" timed out waiting (5001ms) for thread "Thread[Component Resolve Thread,5,main]" to finish starting bundle "org.eclipse.core.runtime_3.12.0.v20160606-1342 [167]". To avoid deadlock, thread "Thread[Start Level: Equinox Container: a2253b4a-bf69-468c-aa49-a0f50991d5e0,5,main]" is proceeding but "org.eclipse.core.runtime.ILog" may not be fully initialized.
!STACK 0
org.osgi.framework.BundleException: Unable to acquire the state change lock for the module: osgi.identity; osgi.identity="org.eclipse.core.runtime"; type="osgi.bundle"; version:Version="3.12.0.v20160606-1342"; singleton:="true" [id=167] STARTED [STARTED]
	at org.eclipse.osgi.container.Module.lockStateChange(Module.java:337)
	at org.eclipse.osgi.container.Module.start(Module.java:401)
	at org.eclipse.osgi.framework.util.SecureAction.start(SecureAction.java:470)
	at org.eclipse.osgi.internal.hooks.EclipseLazyStarter.postFindLocalClass(EclipseLazyStarter.java:107)
	at org.eclipse.osgi.internal.loader.classpath.ClasspathManager.findLocalClass(ClasspathManager.java:529)
	at org.eclipse.osgi.internal.loader.ModuleClassLoader.findLocalClass(ModuleClassLoader.java:325)
	at org.eclipse.osgi.internal.loader.BundleLoader.findLocalClass(BundleLoader.java:345)
	at org.eclipse.osgi.internal.loader.sources.SingleSourcePackage.loadClass(SingleSourcePackage.java:36)
	at org.eclipse.osgi.internal.loader.sources.MultiSourcePackage.loadClass(MultiSourcePackage.java:32)
	at org.eclipse.osgi.internal.loader.BundleLoader.findClassInternal(BundleLoader.java:419)
	at org.eclipse.osgi.internal.loader.BundleLoader.findClass(BundleLoader.java:372)
	at org.eclipse.osgi.internal.loader.BundleLoader.findClass(BundleLoader.java:364)
	at org.eclipse.osgi.internal.loader.ModuleClassLoader.loadClass(ModuleClassLoader.java:161)
	at java.lang.ClassLoader.loadClass(Unknown Source)
	at org.eclipse.oomph.internal.util.UtilPlugin$Implementation.<init>(UtilPlugin.java:80)
	at sun.reflect.NativeConstructorAccessorImpl.newInstance0(Native Method)
	at sun.reflect.NativeConstructorAccessorImpl.newInstance(Unknown Source)
	at sun.reflect.DelegatingConstructorAccessorImpl.newInstance(Unknown Source)
	at java.lang.reflect.Constructor.newInstance(Unknown Source)
	at java.lang.Class.newInstance(Unknown Source)
	at org.eclipse.osgi.internal.framework.BundleContextImpl.loadBundleActivator(BundleContextImpl.java:758)
	at org.eclipse.osgi.internal.framework.BundleContextImpl.start(BundleContextImpl.java:711)
	at org.eclipse.osgi.internal.framework.EquinoxBundle.startWorker0(EquinoxBundle.java:932)
	at org.eclipse.osgi.internal.framework.EquinoxBundle$EquinoxModule.startWorker(EquinoxBundle.java:309)
	at org.eclipse.osgi.container.Module.doStart(Module.java:581)
	at org.eclipse.osgi.container.Module.start(Module.java:449)
	at org.eclipse.osgi.framework.util.SecureAction.start(SecureAction.java:470)
	at org.eclipse.osgi.internal.hooks.EclipseLazyStarter.postFindLocalClass(EclipseLazyStarter.java:107)
	at org.eclipse.osgi.internal.loader.classpath.ClasspathManager.findLocalClass(ClasspathManager.java:529)
	at org.eclipse.osgi.internal.loader.ModuleClassLoader.findLocalClass(ModuleClassLoader.java:325)
	at org.eclipse.osgi.internal.loader.BundleLoader.findLocalClass(BundleLoader.java:345)
	at org.eclipse.osgi.internal.loader.BundleLoader.findClassInternal(BundleLoader.java:423)
	at org.eclipse.osgi.internal.loader.BundleLoader.findClass(BundleLoader.java:372)
	at org.eclipse.osgi.internal.loader.BundleLoader.findClass(BundleLoader.java:364)
	at org.eclipse.osgi.internal.loader.ModuleClassLoader.loadClass(ModuleClassLoader.java:161)
	at java.lang.ClassLoader.loadClass(Unknown Source)
	at org.eclipse.oomph.p2.internal.core.P2CorePlugin$Implementation.<init>(P2CorePlugin.java:88)
	at sun.reflect.NativeConstructorAccessorImpl.newInstance0(Native Method)
	at sun.reflect.NativeConstructorAccessorImpl.newInstance(Unknown Source)
	at sun.reflect.DelegatingConstructorAccessorImpl.newInstance(Unknown Source)
	at java.lang.reflect.Constructor.newInstance(Unknown Source)
	at java.lang.Class.newInstance(Unknown Source)
	at org.eclipse.osgi.internal.framework.BundleContextImpl.loadBundleActivator(BundleContextImpl.java:758)
	at org.eclipse.osgi.internal.framework.BundleContextImpl.start(BundleContextImpl.java:711)
	at org.eclipse.osgi.internal.framework.EquinoxBundle.startWorker0(EquinoxBundle.java:932)
	at org.eclipse.osgi.internal.framework.EquinoxBundle$EquinoxModule.startWorker(EquinoxBundle.java:309)
	at org.eclipse.osgi.container.Module.doStart(Module.java:581)
	at org.eclipse.osgi.container.Module.start(Module.java:449)
	at org.eclipse.osgi.framework.util.SecureAction.start(SecureAction.java:470)
	at org.eclipse.osgi.internal.hooks.EclipseLazyStarter.postFindLocalClass(EclipseLazyStarter.java:107)
	at org.eclipse.osgi.internal.loader.classpath.ClasspathManager.findLocalClass(ClasspathManager.java:529)
	at org.eclipse.osgi.internal.loader.ModuleClassLoader.findLocalClass(ModuleClassLoader.java:325)
	at org.eclipse.osgi.internal.loader.BundleLoader.findLocalClass(BundleLoader.java:345)
	at org.eclipse.osgi.internal.loader.BundleLoader.findClassInternal(BundleLoader.java:423)
	at org.eclipse.osgi.internal.loader.BundleLoader.findClass(BundleLoader.java:372)
	at org.eclipse.osgi.internal.loader.BundleLoader.findClass(BundleLoader.java:364)
	at org.eclipse.osgi.internal.loader.ModuleClassLoader.loadClass(ModuleClassLoader.java:161)
	at java.lang.ClassLoader.loadClass(Unknown Source)
	at org.eclipse.osgi.internal.framework.EquinoxBundle.loadClass(EquinoxBundle.java:564)
	at org.eclipse.equinox.internal.ds.model.ServiceComponent.createInstance(ServiceComponent.java:493)
	at org.eclipse.equinox.internal.ds.model.ServiceComponentProp.createInstance(ServiceComponentProp.java:270)
	at org.eclipse.equinox.internal.ds.model.ServiceComponentProp.build(ServiceComponentProp.java:331)
	at org.eclipse.equinox.internal.ds.InstanceProcess.buildComponent(InstanceProcess.java:620)
	at org.eclipse.equinox.internal.ds.ServiceReg.getService(ServiceReg.java:53)
	at org.eclipse.osgi.internal.serviceregistry.ServiceFactoryUse$1.run(ServiceFactoryUse.java:212)
	at java.security.AccessController.doPrivileged(Native Method)
	at org.eclipse.osgi.internal.serviceregistry.ServiceFactoryUse.factoryGetService(ServiceFactoryUse.java:210)
	at org.eclipse.osgi.internal.serviceregistry.ServiceFactoryUse.getService(ServiceFactoryUse.java:111)
	at org.eclipse.osgi.internal.serviceregistry.ServiceConsumer$2.getService(ServiceConsumer.java:45)
	at org.eclipse.osgi.internal.serviceregistry.ServiceRegistrationImpl.getService(ServiceRegistrationImpl.java:496)
	at org.eclipse.osgi.internal.serviceregistry.ServiceRegistry.getService(ServiceRegistry.java:461)
	at org.eclipse.osgi.internal.framework.BundleContextImpl.getService(BundleContextImpl.java:619)
	at org.eclipse.equinox.internal.p2.core.Activator.registerAgent(Activator.java:175)
	at org.eclipse.equinox.internal.p2.core.Activator.start(Activator.java:244)
	at org.eclipse.osgi.internal.framework.BundleContextImpl$3.run(BundleContextImpl.java:774)
	at org.eclipse.osgi.internal.framework.BundleContextImpl$3.run(BundleContextImpl.java:1)
	at java.security.AccessController.doPrivileged(Native Method)
	at org.eclipse.osgi.internal.framework.BundleContextImpl.startActivator(BundleContextImpl.java:767)
	at org.eclipse.osgi.internal.framework.BundleContextImpl.start(BundleContextImpl.java:724)
	at org.eclipse.osgi.internal.framework.EquinoxBundle.startWorker0(EquinoxBundle.java:932)
	at org.eclipse.osgi.internal.framework.EquinoxBundle$EquinoxModule.startWorker(EquinoxBundle.java:309)
	at org.eclipse.osgi.container.Module.doStart(Module.java:581)
	at org.eclipse.osgi.container.Module.start(Module.java:449)
	at org.eclipse.osgi.framework.util.SecureAction.start(SecureAction.java:470)
	at org.eclipse.osgi.internal.hooks.EclipseLazyStarter.postFindLocalClass(EclipseLazyStarter.java:107)
	at org.eclipse.osgi.internal.loader.classpath.ClasspathManager.findLocalClass(ClasspathManager.java:529)
	at org.eclipse.osgi.internal.loader.ModuleClassLoader.findLocalClass(ModuleClassLoader.java:325)
	at org.eclipse.osgi.internal.loader.BundleLoader.findLocalClass(BundleLoader.java:345)
	at org.eclipse.osgi.internal.loader.sources.SingleSourcePackage.loadClass(SingleSourcePackage.java:36)
	at org.eclipse.osgi.internal.loader.BundleLoader.findClassInternal(BundleLoader.java:407)
	at org.eclipse.osgi.internal.loader.BundleLoader.findClass(BundleLoader.java:372)
	at org.eclipse.osgi.internal.loader.BundleLoader.findClass(BundleLoader.java:364)
	at org.eclipse.osgi.internal.loader.ModuleClassLoader.loadClass(ModuleClassLoader.java:161)
	at java.lang.ClassLoader.loadClass(Unknown Source)
	at java.lang.Class.getDeclaredConstructors0(Native Method)
	at java.lang.Class.privateGetDeclaredConstructors(Unknown Source)
	at java.lang.Class.getConstructor0(Unknown Source)
	at java.lang.Class.newInstance(Unknown Source)
	at org.eclipse.osgi.internal.framework.BundleContextImpl.loadBundleActivator(BundleContextImpl.java:758)
	at org.eclipse.osgi.internal.framework.BundleContextImpl.start(BundleContextImpl.java:711)
	at org.eclipse.osgi.internal.framework.EquinoxBundle.startWorker0(EquinoxBundle.java:932)
	at org.eclipse.osgi.internal.framework.EquinoxBundle$EquinoxModule.startWorker(EquinoxBundle.java:309)
	at org.eclipse.osgi.container.Module.doStart(Module.java:581)
	at org.eclipse.osgi.container.Module.start(Module.java:449)
	at org.eclipse.osgi.container.ModuleContainer$ContainerStartLevel.incStartLevel(ModuleContainer.java:1620)
	at org.eclipse.osgi.container.ModuleContainer$ContainerStartLevel.incStartLevel(ModuleContainer.java:1600)
	at org.eclipse.osgi.container.ModuleContainer$ContainerStartLevel.doContainerStartLevel(ModuleContainer.java:1571)
	at org.eclipse.osgi.container.ModuleContainer$ContainerStartLevel.dispatchEvent(ModuleContainer.java:1514)
	at org.eclipse.osgi.container.ModuleContainer$ContainerStartLevel.dispatchEvent(ModuleContainer.java:1)
	at org.eclipse.osgi.framework.eventmgr.EventManager.dispatchEvent(EventManager.java:230)
	at org.eclipse.osgi.framework.eventmgr.EventManager$EventThread.run(EventManager.java:340)
Caused by: java.util.concurrent.TimeoutException: Timeout after waiting 5 seconds to acquire the lock.
	at org.eclipse.osgi.container.Module.lockStateChange(Module.java:334)
	... 110 more
Root exception:
java.util.concurrent.TimeoutException: Timeout after waiting 5 seconds to acquire the lock.
	at org.eclipse.osgi.container.Module.lockStateChange(Module.java:334)
	at org.eclipse.osgi.container.Module.start(Module.java:401)
	at org.eclipse.osgi.framework.util.SecureAction.start(SecureAction.java:470)
	at org.eclipse.osgi.internal.hooks.EclipseLazyStarter.postFindLocalClass(EclipseLazyStarter.java:107)
	at org.eclipse.osgi.internal.loader.classpath.ClasspathManager.findLocalClass(ClasspathManager.java:529)
	at org.eclipse.osgi.internal.loader.ModuleClassLoader.findLocalClass(ModuleClassLoader.java:325)
	at org.eclipse.osgi.internal.loader.BundleLoader.findLocalClass(BundleLoader.java:345)
	at org.eclipse.osgi.internal.loader.sources.SingleSourcePackage.loadClass(SingleSourcePackage.java:36)
	at org.eclipse.osgi.internal.loader.sources.MultiSourcePackage.loadClass(MultiSourcePackage.java:32)
	at org.eclipse.osgi.internal.loader.BundleLoader.findClassInternal(BundleLoader.java:419)
	at org.eclipse.osgi.internal.loader.BundleLoader.findClass(BundleLoader.java:372)
	at org.eclipse.osgi.internal.loader.BundleLoader.findClass(BundleLoader.java:364)
	at org.eclipse.osgi.internal.loader.ModuleClassLoader.loadClass(ModuleClassLoader.java:161)
	at java.lang.ClassLoader.loadClass(Unknown Source)
	at org.eclipse.oomph.internal.util.UtilPlugin$Implementation.<init>(UtilPlugin.java:80)
	at sun.reflect.NativeConstructorAccessorImpl.newInstance0(Native Method)
	at sun.reflect.NativeConstructorAccessorImpl.newInstance(Unknown Source)
	at sun.reflect.DelegatingConstructorAccessorImpl.newInstance(Unknown Source)
	at java.lang.reflect.Constructor.newInstance(Unknown Source)
	at java.lang.Class.newInstance(Unknown Source)
	at org.eclipse.osgi.internal.framework.BundleContextImpl.loadBundleActivator(BundleContextImpl.java:758)
	at org.eclipse.osgi.internal.framework.BundleContextImpl.start(BundleContextImpl.java:711)
	at org.eclipse.osgi.internal.framework.EquinoxBundle.startWorker0(EquinoxBundle.java:932)
	at org.eclipse.osgi.internal.framework.EquinoxBundle$EquinoxModule.startWorker(EquinoxBundle.java:309)
	at org.eclipse.osgi.container.Module.doStart(Module.java:581)
	at org.eclipse.osgi.container.Module.start(Module.java:449)
	at org.eclipse.osgi.framework.util.SecureAction.start(SecureAction.java:470)
	at org.eclipse.osgi.internal.hooks.EclipseLazyStarter.postFindLocalClass(EclipseLazyStarter.java:107)
	at org.eclipse.osgi.internal.loader.classpath.ClasspathManager.findLocalClass(ClasspathManager.java:529)
	at org.eclipse.osgi.internal.loader.ModuleClassLoader.findLocalClass(ModuleClassLoader.java:325)
	at org.eclipse.osgi.internal.loader.BundleLoader.findLocalClass(BundleLoader.java:345)
	at org.eclipse.osgi.internal.loader.BundleLoader.findClassInternal(BundleLoader.java:423)
	at org.eclipse.osgi.internal.loader.BundleLoader.findClass(BundleLoader.java:372)
	at org.eclipse.osgi.internal.loader.BundleLoader.findClass(BundleLoader.java:364)
	at org.eclipse.osgi.internal.loader.ModuleClassLoader.loadClass(ModuleClassLoader.java:161)
	at java.lang.ClassLoader.loadClass(Unknown Source)
	at org.eclipse.oomph.p2.internal.core.P2CorePlugin$Implementation.<init>(P2CorePlugin.java:88)
	at sun.reflect.NativeConstructorAccessorImpl.newInstance0(Native Method)
	at sun.reflect.NativeConstructorAccessorImpl.newInstance(Unknown Source)
	at sun.reflect.DelegatingConstructorAccessorImpl.newInstance(Unknown Source)
	at java.lang.reflect.Constructor.newInstance(Unknown Source)
	at java.lang.Class.newInstance(Unknown Source)
	at org.eclipse.osgi.internal.framework.BundleContextImpl.loadBundleActivator(BundleContextImpl.java:758)
	at org.eclipse.osgi.internal.framework.BundleContextImpl.start(BundleContextImpl.java:711)
	at org.eclipse.osgi.internal.framework.EquinoxBundle.startWorker0(EquinoxBundle.java:932)
	at org.eclipse.osgi.internal.framework.EquinoxBundle$EquinoxModule.startWorker(EquinoxBundle.java:309)
	at org.eclipse.osgi.container.Module.doStart(Module.java:581)
	at org.eclipse.osgi.container.Module.start(Module.java:449)
	at org.eclipse.osgi.framework.util.SecureAction.start(SecureAction.java:470)
	at org.eclipse.osgi.internal.hooks.EclipseLazyStarter.postFindLocalClass(EclipseLazyStarter.java:107)
	at org.eclipse.osgi.internal.loader.classpath.ClasspathManager.findLocalClass(ClasspathManager.java:529)
	at org.eclipse.osgi.internal.loader.ModuleClassLoader.findLocalClass(ModuleClassLoader.java:325)
	at org.eclipse.osgi.internal.loader.BundleLoader.findLocalClass(BundleLoader.java:345)
	at org.eclipse.osgi.internal.loader.BundleLoader.findClassInternal(BundleLoader.java:423)
	at org.eclipse.osgi.internal.loader.BundleLoader.findClass(BundleLoader.java:372)
	at org.eclipse.osgi.internal.loader.BundleLoader.findClass(BundleLoader.java:364)
	at org.eclipse.osgi.internal.loader.ModuleClassLoader.loadClass(ModuleClassLoader.java:161)
	at java.lang.ClassLoader.loadClass(Unknown Source)
	at org.eclipse.osgi.internal.framework.EquinoxBundle.loadClass(EquinoxBundle.java:564)
	at org.eclipse.equinox.internal.ds.model.ServiceComponent.createInstance(ServiceComponent.java:493)
	at org.eclipse.equinox.internal.ds.model.ServiceComponentProp.createInstance(ServiceComponentProp.java:270)
	at org.eclipse.equinox.internal.ds.model.ServiceComponentProp.build(ServiceComponentProp.java:331)
	at org.eclipse.equinox.internal.ds.InstanceProcess.buildComponent(InstanceProcess.java:620)
	at org.eclipse.equinox.internal.ds.ServiceReg.getService(ServiceReg.java:53)
	at org.eclipse.osgi.internal.serviceregistry.ServiceFactoryUse$1.run(ServiceFactoryUse.java:212)
	at java.security.AccessController.doPrivileged(Native Method)
	at org.eclipse.osgi.internal.serviceregistry.ServiceFactoryUse.factoryGetService(ServiceFactoryUse.java:210)
	at org.eclipse.osgi.internal.serviceregistry.ServiceFactoryUse.getService(ServiceFactoryUse.java:111)
	at org.eclipse.osgi.internal.serviceregistry.ServiceConsumer$2.getService(ServiceConsumer.java:45)
	at org.eclipse.osgi.internal.serviceregistry.ServiceRegistrationImpl.getService(ServiceRegistrationImpl.java:496)
	at org.eclipse.osgi.internal.serviceregistry.ServiceRegistry.getService(ServiceRegistry.java:461)
	at org.eclipse.osgi.internal.framework.BundleContextImpl.getService(BundleContextImpl.java:619)
	at org.eclipse.equinox.internal.p2.core.Activator.registerAgent(Activator.java:175)
	at org.eclipse.equinox.internal.p2.core.Activator.start(Activator.java:244)
	at org.eclipse.osgi.internal.framework.BundleContextImpl$3.run(BundleContextImpl.java:774)
	at org.eclipse.osgi.internal.framework.BundleContextImpl$3.run(BundleContextImpl.java:1)
	at java.security.AccessController.doPrivileged(Native Method)
	at org.eclipse.osgi.internal.framework.BundleContextImpl.startActivator(BundleContextImpl.java:767)
	at org.eclipse.osgi.internal.framework.BundleContextImpl.start(BundleContextImpl.java:724)
	at org.eclipse.osgi.internal.framework.EquinoxBundle.startWorker0(EquinoxBundle.java:932)
	at org.eclipse.osgi.internal.framework.EquinoxBundle$EquinoxModule.startWorker(EquinoxBundle.java:309)
	at org.eclipse.osgi.container.Module.doStart(Module.java:581)
	at org.eclipse.osgi.container.Module.start(Module.java:449)
	at org.eclipse.osgi.framework.util.SecureAction.start(SecureAction.java:470)
	at org.eclipse.osgi.internal.hooks.EclipseLazyStarter.postFindLocalClass(EclipseLazyStarter.java:107)
	at org.eclipse.osgi.internal.loader.classpath.ClasspathManager.findLocalClass(ClasspathManager.java:529)
	at org.eclipse.osgi.internal.loader.ModuleClassLoader.findLocalClass(ModuleClassLoader.java:325)
	at org.eclipse.osgi.internal.loader.BundleLoader.findLocalClass(BundleLoader.java:345)
	at org.eclipse.osgi.internal.loader.sources.SingleSourcePackage.loadClass(SingleSourcePackage.java:36)
	at org.eclipse.osgi.internal.loader.BundleLoader.findClassInternal(BundleLoader.java:407)
	at org.eclipse.osgi.internal.loader.BundleLoader.findClass(BundleLoader.java:372)
	at org.eclipse.osgi.internal.loader.BundleLoader.findClass(BundleLoader.java:364)
	at org.eclipse.osgi.internal.loader.ModuleClassLoader.loadClass(ModuleClassLoader.java:161)
	at java.lang.ClassLoader.loadClass(Unknown Source)
	at java.lang.Class.getDeclaredConstructors0(Native Method)
	at java.lang.Class.privateGetDeclaredConstructors(Unknown Source)
	at java.lang.Class.getConstructor0(Unknown Source)
	at java.lang.Class.newInstance(Unknown Source)
	at org.eclipse.osgi.internal.framework.BundleContextImpl.loadBundleActivator(BundleContextImpl.java:758)
	at org.eclipse.osgi.internal.framework.BundleContextImpl.start(BundleContextImpl.java:711)
	at org.eclipse.osgi.internal.framework.EquinoxBundle.startWorker0(EquinoxBundle.java:932)
	at org.eclipse.osgi.internal.framework.EquinoxBundle$EquinoxModule.startWorker(EquinoxBundle.java:309)
	at org.eclipse.osgi.container.Module.doStart(Module.java:581)
	at org.eclipse.osgi.container.Module.start(Module.java:449)
	at org.eclipse.osgi.container.ModuleContainer$ContainerStartLevel.incStartLevel(ModuleContainer.java:1620)
	at org.eclipse.osgi.container.ModuleContainer$ContainerStartLevel.incStartLevel(ModuleContainer.java:1600)
	at org.eclipse.osgi.container.ModuleContainer$ContainerStartLevel.doContainerStartLevel(ModuleContainer.java:1571)
	at org.eclipse.osgi.container.ModuleContainer$ContainerStartLevel.dispatchEvent(ModuleContainer.java:1514)
	at org.eclipse.osgi.container.ModuleContainer$ContainerStartLevel.dispatchEvent(ModuleContainer.java:1)
	at org.eclipse.osgi.framework.eventmgr.EventManager.dispatchEvent(EventManager.java:230)
	at org.eclipse.osgi.framework.eventmgr.EventManager$EventThread.run(EventManager.java:340)
